#
# There is insufficient memory for the Java Runtime Environment to continue.
# Native memory allocation (mmap) failed to map 246939648 bytes for committing reserved memory.
# Possible reasons:
#   The system is out of physical RAM or swap space
#   In 32 bit mode, the process size limit was hit
# Possible solutions:
#   Reduce memory load on the system
#   Increase physical memory or swap space
#   Check if swap backing store is full
#   Use 64 bit Java on a 64 bit OS
#   Decrease Java heap size (-Xmx/-Xms)
#   Decrease number of Java threads
#   Decrease Java thread stack sizes (-Xss)
#   Set larger code cache with -XX:ReservedCodeCacheSize=
# This output file may be truncated or incomplete.
#
#  Out of Memory Error (os_linux.cpp:2627), pid=30636, tid=139750437496576
#
# JRE version: Java(TM) SE Runtime Environment (8.0_72-b15) (build 1.8.0_72-b15)
# Java VM: Java HotSpot(TM) 64-Bit Server VM (25.72-b15 mixed mode linux-amd64 compressed oops)
# Failed to write core dump. Core dumps have been disabled. To enable core dumping, try "ulimit -c unlimited" before starting Java again
#

---------------  T H R E A D  ---------------

Current thread (0x00007f1a4c078000):  VMThread [stack: 0x00007f1a2f1f2000,0x00007f1a2f2f3000] [id=30644]

Stack: [0x00007f1a2f1f2000,0x00007f1a2f2f3000],  sp=0x00007f1a2f2f1320,  free space=1020k
Native frames: (J=compiled Java code, j=interpreted, Vv=VM code, C=native code)
V  [libjvm.so+0xaba7ea]  VMError::report_and_die()+0x2ba
V  [libjvm.so+0x4f9e3b]  report_vm_out_of_memory(char const*, int, unsigned long, VMErrorType, char const*)+0x8b
V  [libjvm.so+0x91b613]  os::Linux::commit_memory_impl(char*, unsigned long, bool)+0x103
V  [libjvm.so+0x91bb69]  os::pd_commit_memory(char*, unsigned long, unsigned long, bool)+0x29
V  [libjvm.so+0x915e6a]  os::commit_memory(char*, unsigned long, unsigned long, bool)+0x2a
V  [libjvm.so+0x989543]  PSVirtualSpace::expand_by(unsigned long)+0x53
V  [libjvm.so+0x98a948]  PSYoungGen::resize_generation(unsigned long, unsigned long)+0xf8
V  [libjvm.so+0x989aa2]  PSYoungGen::resize(unsigned long, unsigned long)+0x22
V  [libjvm.so+0x986d7b]  PSScavenge::invoke_no_policy()+0xf3b
V  [libjvm.so+0x987501]  PSScavenge::invoke()+0x41
V  [libjvm.so+0x93f300]  ParallelScavengeHeap::failed_mem_allocate(unsigned long)+0x70
V  [libjvm.so+0xabc207]  VM_ParallelGCFailedAllocation::doit()+0x97
V  [libjvm.so+0xac3c35]  VM_Operation::evaluate()+0x55
V  [libjvm.so+0xac200a]  VMThread::evaluate_operation(VM_Operation*)+0xba
V  [libjvm.so+0xac238e]  VMThread::loop()+0x1ce
V  [libjvm.so+0xac2800]  VMThread::run()+0x70
V  [libjvm.so+0x91d9d8]  java_start(Thread*)+0x108

VM_Operation (0x00007f1a53f48ea0): ParallelGCFailedAllocation, mode: safepoint, requested by thread 0x00007f1a4c00a000


---------------  P R O C E S S  ---------------

Java Threads: ( => current thread )
  0x00007f1a4c77f800 JavaThread "resolver-4" daemon [_thread_blocked, id=30906, stack(0x00007f1a2cc3a000,0x00007f1a2cd3b000)]
  0x00007f1a4c2ed800 JavaThread "resolver-3" daemon [_thread_blocked, id=30905, stack(0x00007f1a2cd3b000,0x00007f1a2ce3c000)]
  0x00007f1a4c756800 JavaThread "resolver-2" daemon [_thread_blocked, id=30904, stack(0x00007f1a2ce3c000,0x00007f1a2cf3d000)]
  0x00007f1a4c2c5000 JavaThread "resolver-1" daemon [_thread_blocked, id=30903, stack(0x00007f1a2cf3d000,0x00007f1a2d03e000)]
  0x00007f1a4c55d800 JavaThread "process reaper" daemon [_thread_blocked, id=30701, stack(0x00007f1a2d6b4000,0x00007f1a2d6ed000)]
  0x00007f1a4c0f1800 JavaThread "Monitor Ctrl-Break" daemon [_thread_in_native, id=30655, stack(0x00007f1a2e005000,0x00007f1a2e106000)]
  0x00007f1a4c0c1800 JavaThread "Service Thread" daemon [_thread_blocked, id=30653, stack(0x00007f1a2e409000,0x00007f1a2e50a000)]
  0x00007f1a4c0be800 JavaThread "C1 CompilerThread2" daemon [_thread_blocked, id=30652, stack(0x00007f1a2e50a000,0x00007f1a2e60b000)]
  0x00007f1a4c0bc800 JavaThread "C2 CompilerThread1" daemon [_thread_blocked, id=30651, stack(0x00007f1a2e60b000,0x00007f1a2e70c000)]
  0x00007f1a4c0b9800 JavaThread "C2 CompilerThread0" daemon [_thread_blocked, id=30650, stack(0x00007f1a2e70c000,0x00007f1a2e80d000)]
  0x00007f1a4c0b8000 JavaThread "Signal Dispatcher" daemon [_thread_blocked, id=30649, stack(0x00007f1a2e80d000,0x00007f1a2e90e000)]
  0x00007f1a4c084800 JavaThread "Finalizer" daemon [_thread_blocked, id=30646, stack(0x00007f1a2eff0000,0x00007f1a2f0f1000)]
  0x00007f1a4c080000 JavaThread "Reference Handler" daemon [_thread_blocked, id=30645, stack(0x00007f1a2f0f1000,0x00007f1a2f1f2000)]
  0x00007f1a4c00a000 JavaThread "main" [_thread_blocked, id=30638, stack(0x00007f1a53e4d000,0x00007f1a53f4e000)]

Other Threads:
=>0x00007f1a4c078000 VMThread [stack: 0x00007f1a2f1f2000,0x00007f1a2f2f3000] [id=30644]
  0x00007f1a4c0c4800 WatcherThread [stack: 0x00007f1a2e308000,0x00007f1a2e409000] [id=30654]

VM state:at safepoint (normal execution)

VM Mutex/Monitor currently owned by a thread:  ([mutex/lock_event])
[0x00007f1a4c006600] Threads_lock - owner thread: 0x00007f1a4c078000
[0x00007f1a4c006b00] Heap_lock - owner thread: 0x00007f1a4c00a000

Heap:
 PSYoungGen      total 416256K, used 7145K [0x00000000d6f00000, 0x00000000f1200000, 0x0000000100000000)
  eden space 403456K, 0% used [0x00000000d6f00000,0x00000000d6f00000,0x00000000ef900000)
  from space 12800K, 55% used [0x00000000ef900000,0x00000000efffa798,0x00000000f0580000)
  to   space 12800K, 0% used [0x00000000f0580000,0x00000000f0580000,0x00000000f1200000)
 ParOldGen       total 84992K, used 25521K [0x0000000084c00000, 0x0000000089f00000, 0x00000000d6f00000)
  object space 84992K, 30% used [0x0000000084c00000,0x00000000864ec758,0x0000000089f00000)
 Metaspace       used 18880K, capacity 19630K, committed 19840K, reserved 1067008K
  class space    used 2110K, capacity 2333K, committed 2432K, reserved 1048576K

Card table byte_map: [0x00007f1a5082b000,0x00007f1a50c06000] byte_map_base: 0x00007f1a50405000

Marking Bits: (ParMarkBitMap*) 0x00007f1a5331d100
 Begin Bits: [0x00007f1a24260000, 0x00007f1a26130000)
 End Bits:   [0x00007f1a26130000, 0x00007f1a28000000)

Polling page: 0x00007f1a53f6a000

CodeCache: size=245760Kb used=16111Kb max_used=16122Kb free=229648Kb
 bounds [0x00007f1a3d000000, 0x00007f1a3dfe0000, 0x00007f1a4c000000]
 total_blobs=4219 nmethods=3868 adapters=264
 compilation: enabled

Compilation events (10 events):
Event: 102.349 Thread 0x00007f1a4c0be800 nmethod 4646 0x00007f1a3dfabed0 code [0x00007f1a3dfac080, 0x00007f1a3dfac6c8]
Event: 105.318 Thread 0x00007f1a4c0be800 4647       1       org.apache.maven.model.ModelBase::setDistributionManagement (6 bytes)
Event: 105.318 Thread 0x00007f1a4c0be800 nmethod 4647 0x00007f1a3dfabbd0 code [0x00007f1a3dfabd20, 0x00007f1a3dfabe50]
Event: 108.291 Thread 0x00007f1a4c0bc800 4648       4       org.apache.maven.model.building.DefaultModelBuildingResult::setActivePomProfiles (53 bytes)
Event: 108.313 Thread 0x00007f1a4c0bc800 nmethod 4648 0x00007f1a3dfc6a10 code [0x00007f1a3dfc6c00, 0x00007f1a3dfc7758]
Event: 108.801 Thread 0x00007f1a4c0be800 4649       3       org.apache.maven.model.ActivationOS::setLocation (35 bytes)
Event: 108.802 Thread 0x00007f1a4c0be800 nmethod 4649 0x00007f1a3dfbaa90 code [0x00007f1a3dfbac20, 0x00007f1a3dfbb0c8]
Event: 109.128 Thread 0x00007f1a4c0b9800 4650       4       java.util.LinkedHashMap::<init> (16 bytes)
Event: 109.246 Thread 0x00007f1a4c0b9800 nmethod 4650 0x00007f1a3d4b86d0 code [0x00007f1a3d4b8820, 0x00007f1a3d4b88a8]
Event: 109.360 Thread 0x00007f1a4c0bc800 4651       4       org.apache.maven.model.management.DefaultDependencyManagementInjector$ManagementModelMerger::mergeManagedDependencies (151 bytes)

GC Heap History (10 events):
Event: 9.569 GC heap after
Heap after GC invocations=6 (full 0):
 PSYoungGen      total 135168K, used 7728K [0x00000000d6f00000, 0x00000000dfd00000, 0x0000000100000000)
  eden space 126464K, 0% used [0x00000000d6f00000,0x00000000d6f00000,0x00000000dea80000)
  from space 8704K, 88% used [0x00000000df380000,0x00000000dfb0c010,0x00000000dfc00000)
  to   space 9216K, 0% used [0x00000000dea80000,0x00000000dea80000,0x00000000df380000)
 ParOldGen       total 84992K, used 6695K [0x0000000084c00000, 0x0000000089f00000, 0x00000000d6f00000)
  object space 84992K, 7% used [0x0000000084c00000,0x0000000085289c68,0x0000000089f00000)
 Metaspace       used 14394K, capacity 14742K, committed 14848K, reserved 1062912K
  class space    used 1655K, capacity 1764K, committed 1792K, reserved 1048576K
}
Event: 12.490 GC heap before
{Heap before GC invocations=7 (full 0):
 PSYoungGen      total 135168K, used 134192K [0x00000000d6f00000, 0x00000000dfd00000, 0x0000000100000000)
  eden space 126464K, 100% used [0x00000000d6f00000,0x00000000dea80000,0x00000000dea80000)
  from space 8704K, 88% used [0x00000000df380000,0x00000000dfb0c010,0x00000000dfc00000)
  to   space 9216K, 0% used [0x00000000dea80000,0x00000000dea80000,0x00000000df380000)
 ParOldGen       total 84992K, used 6695K [0x0000000084c00000, 0x0000000089f00000, 0x00000000d6f00000)
  object space 84992K, 7% used [0x0000000084c00000,0x0000000085289c68,0x0000000089f00000)
 Metaspace       used 14759K, capacity 15092K, committed 15360K, reserved 1062912K
  class space    used 1690K, capacity 1773K, committed 1792K, reserved 1048576K
Event: 12.535 GC heap after
Heap after GC invocations=7 (full 0):
 PSYoungGen      total 135680K, used 9216K [0x00000000d6f00000, 0x00000000e7c00000, 0x0000000100000000)
  eden space 126464K, 0% used [0x00000000d6f00000,0x00000000d6f00000,0x00000000dea80000)
  from space 9216K, 100% used [0x00000000dea80000,0x00000000df380000,0x00000000df380000)
  to   space 11264K, 0% used [0x00000000e7100000,0x00000000e7100000,0x00000000e7c00000)
 ParOldGen       total 84992K, used 9517K [0x0000000084c00000, 0x0000000089f00000, 0x00000000d6f00000)
  object space 84992K, 11% used [0x0000000084c00000,0x000000008554b728,0x0000000089f00000)
 Metaspace       used 14759K, capacity 15092K, committed 15360K, reserved 1062912K
  class space    used 1690K, capacity 1773K, committed 1792K, reserved 1048576K
}
Event: 15.143 GC heap before
{Heap before GC invocations=8 (full 0):
 PSYoungGen      total 135680K, used 135680K [0x00000000d6f00000, 0x00000000e7c00000, 0x0000000100000000)
  eden space 126464K, 100% used [0x00000000d6f00000,0x00000000dea80000,0x00000000dea80000)
  from space 9216K, 100% used [0x00000000dea80000,0x00000000df380000,0x00000000df380000)
  to   space 11264K, 0% used [0x00000000e7100000,0x00000000e7100000,0x00000000e7c00000)
 ParOldGen       total 84992K, used 9517K [0x0000000084c00000, 0x0000000089f00000, 0x00000000d6f00000)
  object space 84992K, 11% used [0x0000000084c00000,0x000000008554b728,0x0000000089f00000)
 Metaspace       used 15912K, capacity 16414K, committed 16640K, reserved 1064960K
  class space    used 1807K, capacity 1982K, committed 2048K, reserved 1048576K
Event: 15.269 GC heap after
Heap after GC invocations=8 (full 0):
 PSYoungGen      total 263168K, used 10801K [0x00000000d6f00000, 0x00000000e7e00000, 0x0000000100000000)
  eden space 251904K, 0% used [0x00000000d6f00000,0x00000000d6f00000,0x00000000e6500000)
  from space 11264K, 95% used [0x00000000e7100000,0x00000000e7b8c6a0,0x00000000e7c00000)
  to   space 12288K, 0% used [0x00000000e6500000,0x00000000e6500000,0x00000000e7100000)
 ParOldGen       total 84992K, used 11229K [0x0000000084c00000, 0x0000000089f00000, 0x00000000d6f00000)
  object space 84992K, 13% used [0x0000000084c00000,0x00000000856f7728,0x0000000089f00000)
 Metaspace       used 15912K, capacity 16414K, committed 16640K, reserved 1064960K
  class space    used 1807K, capacity 1982K, committed 2048K, reserved 1048576K
}
Event: 21.388 GC heap before
{Heap before GC invocations=9 (full 0):
 PSYoungGen      total 263168K, used 262705K [0x00000000d6f00000, 0x00000000e7e00000, 0x0000000100000000)
  eden space 251904K, 100% used [0x00000000d6f00000,0x00000000e6500000,0x00000000e6500000)
  from space 11264K, 95% used [0x00000000e7100000,0x00000000e7b8c6a0,0x00000000e7c00000)
  to   space 12288K, 0% used [0x00000000e6500000,0x00000000e6500000,0x00000000e7100000)
 ParOldGen       total 84992K, used 11229K [0x0000000084c00000, 0x0000000089f00000, 0x00000000d6f00000)
  object space 84992K, 13% used [0x0000000084c00000,0x00000000856f7728,0x0000000089f00000)
 Metaspace       used 16126K, capacity 16688K, committed 16896K, reserved 1064960K
  class space    used 1810K, capacity 1985K, committed 2048K, reserved 1048576K
Event: 21.429 GC heap after
Heap after GC invocations=9 (full 0):
 PSYoungGen      total 264192K, used 9632K [0x00000000d6f00000, 0x00000000f1200000, 0x0000000100000000)
  eden space 251904K, 0% used [0x00000000d6f00000,0x00000000d6f00000,0x00000000e6500000)
  from space 12288K, 78% used [0x00000000e6500000,0x00000000e6e68000,0x00000000e7100000)
  to   space 12800K, 0% used [0x00000000f0580000,0x00000000f0580000,0x00000000f1200000)
 ParOldGen       total 84992K, used 14533K [0x0000000084c00000, 0x0000000089f00000, 0x00000000d6f00000)
  object space 84992K, 17% used [0x0000000084c00000,0x0000000085a31728,0x0000000089f00000)
 Metaspace       used 16126K, capacity 16688K, committed 16896K, reserved 1064960K
  class space    used 1810K, capacity 1985K, committed 2048K, reserved 1048576K
}
Event: 31.081 GC heap before
{Heap before GC invocations=10 (full 0):
 PSYoungGen      total 264192K, used 261536K [0x00000000d6f00000, 0x00000000f1200000, 0x0000000100000000)
  eden space 251904K, 100% used [0x00000000d6f00000,0x00000000e6500000,0x00000000e6500000)
  from space 12288K, 78% used [0x00000000e6500000,0x00000000e6e68000,0x00000000e7100000)
  to   space 12800K, 0% used [0x00000000f0580000,0x00000000f0580000,0x00000000f1200000)
 ParOldGen       total 84992K, used 14533K [0x0000000084c00000, 0x0000000089f00000, 0x00000000d6f00000)
  object space 84992K, 17% used [0x0000000084c00000,0x0000000085a31728,0x0000000089f00000)
 Metaspace       used 16932K, capacity 17550K, committed 17792K, reserved 1064960K
  class space    used 1893K, capacity 2053K, committed 2176K, reserved 1048576K
Event: 31.125 GC heap after
Heap after GC invocations=10 (full 0):
 PSYoungGen      total 416256K, used 6227K [0x00000000d6f00000, 0x00000000f1200000, 0x0000000100000000)
  eden space 403456K, 0% used [0x00000000d6f00000,0x00000000d6f00000,0x00000000ef900000)
  from space 12800K, 48% used [0x00000000f0580000,0x00000000f0b94f70,0x00000000f1200000)
  to   space 12800K, 0% used [0x00000000ef900000,0x00000000ef900000,0x00000000f0580000)
 ParOldGen       total 84992K, used 20405K [0x0000000084c00000, 0x0000000089f00000, 0x00000000d6f00000)
  object space 84992K, 24% used [0x0000000084c00000,0x0000000085fed738,0x0000000089f00000)
 Metaspace       used 16932K, capacity 17550K, committed 17792K, reserved 1064960K
  class space    used 1893K, capacity 2053K, committed 2176K, reserved 1048576K
}
Event: 109.366 GC heap before
{Heap before GC invocations=11 (full 0):
 PSYoungGen      total 416256K, used 409683K [0x00000000d6f00000, 0x00000000f1200000, 0x0000000100000000)
  eden space 403456K, 100% used [0x00000000d6f00000,0x00000000ef900000,0x00000000ef900000)
  from space 12800K, 48% used [0x00000000f0580000,0x00000000f0b94f70,0x00000000f1200000)
  to   space 12800K, 0% used [0x00000000ef900000,0x00000000ef900000,0x00000000f0580000)
 ParOldGen       total 84992K, used 20405K [0x0000000084c00000, 0x0000000089f00000, 0x00000000d6f00000)
  object space 84992K, 24% used [0x0000000084c00000,0x0000000085fed738,0x0000000089f00000)
 Metaspace       used 18880K, capacity 19630K, committed 19840K, reserved 1067008K
  class space    used 2110K, capacity 2333K, committed 2432K, reserved 1048576K

Deoptimization events (10 events):
Event: 52.345 Thread 0x00007f1a4c00a000 Uncommon trap: reason=class_check action=maybe_recompile pc=0x00007f1a3d688bf0 method=java.util.Hashtable.get(Ljava/lang/Object;)Ljava/lang/Object; @ 6
Event: 53.449 Thread 0x00007f1a4c00a000 Uncommon trap: reason=null_check action=make_not_entrant pc=0x00007f1a3daef140 method=org.apache.maven.model.profile.activation.PropertyProfileActivator.isActive(Lorg/apache/maven/model/Profile;Lorg/apache/maven/model/profile/ProfileActivationContext;Lorg
Event: 53.894 Thread 0x00007f1a4c00a000 Uncommon trap: reason=unstable_if action=reinterpret pc=0x00007f1a3d46f3a8 method=java.util.ArrayList.indexOf(Ljava/lang/Object;)I @ 1
Event: 53.956 Thread 0x00007f1a4c00a000 Uncommon trap: reason=unstable_if action=reinterpret pc=0x00007f1a3db7209c method=org.codehaus.plexus.classworlds.realm.Entry.matches(Ljava/lang/String;)Z @ 150
Event: 54.114 Thread 0x00007f1a4c00a000 Uncommon trap: reason=bimorphic action=maybe_recompile pc=0x00007f1a3d4ae51c method=sun.nio.cs.StreamDecoder.readBytes()I @ 135
Event: 54.120 Thread 0x00007f1a4c00a000 Uncommon trap: reason=bimorphic action=maybe_recompile pc=0x00007f1a3d4ae51c method=sun.nio.cs.StreamDecoder.readBytes()I @ 135
Event: 54.287 Thread 0x00007f1a4c00a000 Uncommon trap: reason=bimorphic action=maybe_recompile pc=0x00007f1a3d1a3e0c method=java.util.HashSet.<init>(Ljava/util/Collection;)V @ 10
Event: 54.354 Thread 0x00007f1a4c00a000 Uncommon trap: reason=unstable_if action=reinterpret pc=0x00007f1a3de14bd8 method=java.io.BufferedInputStream.read([BII)I @ 61
Event: 54.509 Thread 0x00007f1a4c00a000 Uncommon trap: reason=unstable_if action=reinterpret pc=0x00007f1a3dc2a4c4 method=org.sonatype.guice.bean.locators.BeanCache.flush()Ljava/util/Map; @ 6
Event: 54.516 Thread 0x00007f1a4c00a000 Uncommon trap: reason=null_check action=make_not_entrant pc=0x00007f1a3df59880 method=org.apache.maven.repository.legacy.resolver.DefaultLegacyArtifactCollector.recurse(Lorg/apache/maven/artifact/resolver/ArtifactResolutionResult;Lorg/apache/maven/artifac

Internal exceptions (10 events):
Event: 30.187 Thread 0x00007f1a4c00a000 Implicit null exception at 0x00007f1a3d5e43d0 to 0x00007f1a3d5e64b1
Event: 30.187 Thread 0x00007f1a4c00a000 Implicit null exception at 0x00007f1a3defef83 to 0x00007f1a3deff491
Event: 30.187 Thread 0x00007f1a4c00a000 Implicit null exception at 0x00007f1a3df101b5 to 0x00007f1a3df14281
Event: 30.187 Thread 0x00007f1a4c00a000 Implicit null exception at 0x00007f1a3df2104b to 0x00007f1a3df25029
Event: 30.613 Thread 0x00007f1a4c00a000 Exception <a 'java/lang/NoClassDefFoundError': org/slf4j/Logger> (0x00000000e5084068) thrown at [/HUDSON/workspace/8-2-build-linux-amd64/jdk8u72/5732/hotspot/src/share/vm/oops/constantPool.cpp, line 235]
Event: 30.808 Thread 0x00007f1a4c756800 Implicit null exception at 0x00007f1a3d8c6e88 to 0x00007f1a3d8c6f41
Event: 50.016 Thread 0x00007f1a4c00a000 Exception <a 'java/lang/NoClassDefFoundError': org/slf4j/Logger> (0x00000000db8c4320) thrown at [/HUDSON/workspace/8-2-build-linux-amd64/jdk8u72/5732/hotspot/src/share/vm/oops/constantPool.cpp, line 235]
Event: 53.894 Thread 0x00007f1a4c00a000 Implicit null exception at 0x00007f1a3d46ee76 to 0x00007f1a3d46f399
Event: 53.939 Thread 0x00007f1a4c00a000 Exception <a 'java/lang/NoClassDefFoundError': org/slf4j/Logger> (0x00000000ddbcbe88) thrown at [/HUDSON/workspace/8-2-build-linux-amd64/jdk8u72/5732/hotspot/src/share/vm/oops/constantPool.cpp, line 235]
Event: 54.516 Thread 0x00007f1a4c00a000 Implicit null exception at 0x00007f1a3df51c04 to 0x00007f1a3df59851

Events (10 events):
Event: 61.486 Thread 0x00007f1a4c00a000 DEOPT UNPACKING pc=0x00007f1a3d047633 sp=0x00007f1a53f48bd8 mode 0
Event: 62.715 Thread 0x00007f1a4c00a000 DEOPT PACKING pc=0x00007f1a3d5fa865 sp=0x00007f1a53f49130
Event: 62.715 Thread 0x00007f1a4c00a000 DEOPT UNPACKING pc=0x00007f1a3d047633 sp=0x00007f1a53f48e58 mode 0
Event: 62.917 Thread 0x00007f1a4c00a000 DEOPT PACKING pc=0x00007f1a3d54d192 sp=0x00007f1a53f49910
Event: 62.918 Thread 0x00007f1a4c00a000 DEOPT UNPACKING pc=0x00007f1a3d047633 sp=0x00007f1a53f49698 mode 0
Event: 82.073 Thread 0x00007f1a4c00a000 DEOPT PACKING pc=0x00007f1a3d5fa865 sp=0x00007f1a53f49340
Event: 82.073 Thread 0x00007f1a4c00a000 DEOPT UNPACKING pc=0x00007f1a3d047633 sp=0x00007f1a53f49068 mode 0
Event: 92.790 Thread 0x00007f1a4c00a000 DEOPT PACKING pc=0x00007f1a3d5fa865 sp=0x00007f1a53f49340
Event: 92.790 Thread 0x00007f1a4c00a000 DEOPT UNPACKING pc=0x00007f1a3d047633 sp=0x00007f1a53f49068 mode 0
Event: 109.365 Executing VM operation: ParallelGCFailedAllocation


Dynamic libraries:
00400000-00401000 r-xp 00000000 08:09 3810816                            /usr/lib/jvm/java-8-oracle/bin/java
00600000-00601000 rw-p 00000000 08:09 3810816                            /usr/lib/jvm/java-8-oracle/bin/java
0252b000-0254c000 rw-p 00000000 00:00 0                                  [heap]
84c00000-89f00000 rw-p 00000000 00:00 0 
89f00000-d6f00000 ---p 00000000 00:00 0 
d6f00000-f1200000 rw-p 00000000 00:00 0 
ffd80000-100000000 ---p 00000000 00:00 0 
100000000-100260000 rw-p 00000000 00:00 0 
100260000-140000000 ---p 00000000 00:00 0 
7f19d8000000-7f19d8021000 rw-p 00000000 00:00 0 
7f19d8021000-7f19dc000000 ---p 00000000 00:00 0 
7f19e0000000-7f19e0021000 rw-p 00000000 00:00 0 
7f19e0021000-7f19e4000000 ---p 00000000 00:00 0 
7f19e4000000-7f19e4021000 rw-p 00000000 00:00 0 
7f19e4021000-7f19e8000000 ---p 00000000 00:00 0 
7f19e8000000-7f19e8021000 rw-p 00000000 00:00 0 
7f19e8021000-7f19ec000000 ---p 00000000 00:00 0 
7f19ec000000-7f19ec021000 rw-p 00000000 00:00 0 
7f19ec021000-7f19f0000000 ---p 00000000 00:00 0 
7f19f0000000-7f19f0021000 rw-p 00000000 00:00 0 
7f19f0021000-7f19f4000000 ---p 00000000 00:00 0 
7f19f4000000-7f19f4021000 rw-p 00000000 00:00 0 
7f19f4021000-7f19f8000000 ---p 00000000 00:00 0 
7f19f8000000-7f19f8021000 rw-p 00000000 00:00 0 
7f19f8021000-7f19fc000000 ---p 00000000 00:00 0 
7f19fc000000-7f19fc021000 rw-p 00000000 00:00 0 
7f19fc021000-7f1a00000000 ---p 00000000 00:00 0 
7f1a00000000-7f1a00021000 rw-p 00000000 00:00 0 
7f1a00021000-7f1a04000000 ---p 00000000 00:00 0 
7f1a04000000-7f1a04021000 rw-p 00000000 00:00 0 
7f1a04021000-7f1a08000000 ---p 00000000 00:00 0 
7f1a08000000-7f1a09fcf000 rw-p 00000000 00:00 0 
7f1a09fcf000-7f1a0c000000 ---p 00000000 00:00 0 
7f1a0c000000-7f1a0cca9000 rw-p 00000000 00:00 0 
7f1a0cca9000-7f1a10000000 ---p 00000000 00:00 0 
7f1a10000000-7f1a10021000 rw-p 00000000 00:00 0 
7f1a10021000-7f1a14000000 ---p 00000000 00:00 0 
7f1a14000000-7f1a15c4d000 rw-p 00000000 00:00 0 
7f1a15c4d000-7f1a18000000 ---p 00000000 00:00 0 
7f1a18000000-7f1a18021000 rw-p 00000000 00:00 0 
7f1a18021000-7f1a1c000000 ---p 00000000 00:00 0 
7f1a1c000000-7f1a1c021000 rw-p 00000000 00:00 0 
7f1a1c021000-7f1a20000000 ---p 00000000 00:00 0 
7f1a20000000-7f1a20294000 rw-p 00000000 00:00 0 
7f1a20294000-7f1a24000000 ---p 00000000 00:00 0 
7f1a24260000-7f1a28000000 rw-p 00000000 00:00 0 
7f1a28000000-7f1a28021000 rw-p 00000000 00:00 0 
7f1a28021000-7f1a2c000000 ---p 00000000 00:00 0 
7f1a2c70c000-7f1a2c70d000 rw-p 00000000 00:00 0 
7f1a2c70d000-7f1a2c70e000 r--s 00005000 08:09 1083986                    /home/marmik2621/.m2/repository/org/apache/maven/shared/maven-repository-builder/1.0-alpha-2/maven-repository-builder-1.0-alpha-2.jar
7f1a2c70e000-7f1a2c70f000 r--s 00004000 08:09 1083977                    /home/marmik2621/.m2/repository/org/apache/maven/maven-archiver/2.4/maven-archiver-2.4.jar
7f1a2c70f000-7f1a2c711000 r--s 0000a000 08:09 805250                     /home/marmik2621/.m2/repository/org/codehaus/plexus/plexus-io/1.0-alpha-4/plexus-io-1.0-alpha-4.jar
7f1a2c711000-7f1a2c713000 r--s 00004000 08:09 951655                     /home/marmik2621/.m2/repository/org/codehaus/plexus/plexus-active-collections/1.0-beta-2/plexus-active-collections-1.0-beta-2.jar
7f1a2c713000-7f1a2c715000 r--s 00007000 08:09 5144697                    /home/marmik2621/.m2/repository/org/apache/maven/shared/maven-filtering/1.0-beta-2/maven-filtering-1.0-beta-2.jar
7f1a2c715000-7f1a2c717000 r--s 00008000 08:09 951643                     /home/marmik2621/.m2/repository/org/apache/maven/shared/maven-shared-io/1.1/maven-shared-io-1.1.jar
7f1a2c717000-7f1a2c719000 r--s 00006000 08:09 805251                     /home/marmik2621/.m2/repository/org/apache/maven/shared/file-management/1.1/file-management-1.1.jar
7f1a2c719000-7f1a2c71d000 r--s 00028000 08:09 805247                     /home/marmik2621/.m2/repository/org/codehaus/plexus/plexus-archiver/1.0-alpha-12/plexus-archiver-1.0-alpha-12.jar
7f1a2c71d000-7f1a2c71f000 r--s 0000b000 08:09 805249                     /home/marmik2621/.m2/repository/org/codehaus/plexus/plexus-interpolation/1.7/plexus-interpolation-1.7.jar
7f1a2c71f000-7f1a2c720000 r--s 00007000 08:09 685690                     /home/marmik2621/.m2/repository/org/apache/maven/shared/maven-plugin-testing-harness/1.1/maven-plugin-testing-harness-1.1.jar
7f1a2c720000-7f1a2c722000 r--s 00006000 08:09 5391386                    /home/marmik2621/.m2/repository/org/apache/maven/shared/maven-common-artifact-filters/1.1/maven-common-artifact-filters-1.1.jar
7f1a2c722000-7f1a2c726000 r--s 0002f000 08:09 5022114                    /home/marmik2621/.m2/repository/org/apache/maven/plugins/maven-assembly-plugin/2.2-beta-5/maven-assembly-plugin-2.2-beta-5.jar
7f1a2c726000-7f1a2c826000 rw-p 00000000 00:00 0 
7f1a2c826000-7f1a2c926000 ---p 00000000 00:00 0 
7f1a2c926000-7f1a2c92a000 r--s 00034000 08:09 5144427                    /home/marmik2621/.m2/repository/org/codehaus/plexus/plexus-utils/3.0/plexus-utils-3.0.jar
7f1a2c92a000-7f1a2c92e000 r--s 0002f000 08:09 4095195                    /home/marmik2621/.m2/repository/commons-lang/commons-lang/2.1/commons-lang-2.1.jar
7f1a2c92e000-7f1a2c931000 r--s 0000c000 08:09 5144426                    /home/marmik2621/.m2/repository/org/codehaus/plexus/plexus-io/2.0.1/plexus-io-2.0.1.jar
7f1a2c931000-7f1a2c935000 r--s 00028000 08:09 5144428                    /home/marmik2621/.m2/repository/org/codehaus/plexus/plexus-archiver/2.0.1/plexus-archiver-2.0.1.jar
7f1a2c935000-7f1a2c936000 r--s 00004000 08:09 5144429                    /home/marmik2621/.m2/repository/org/apache/maven/maven-archiver/2.4.2/maven-archiver-2.4.2.jar
7f1a2c936000-7f1a2c937000 r--s 00007000 08:09 5144405                    /home/marmik2621/.m2/repository/org/apache/maven/plugins/maven-jar-plugin/2.3.2/maven-jar-plugin-2.3.2.jar
7f1a2c937000-7f1a2c93a000 ---p 00000000 00:00 0 
7f1a2c93a000-7f1a2ca38000 rw-p 00000000 00:00 0 
7f1a2ca38000-7f1a2ca3b000 ---p 00000000 00:00 0 
7f1a2ca3b000-7f1a2cb39000 rw-p 00000000 00:00 0 
7f1a2cb39000-7f1a2cb3c000 ---p 00000000 00:00 0 
7f1a2cb3c000-7f1a2cc3a000 rw-p 00000000 00:00 0 
7f1a2cc3a000-7f1a2cc3d000 ---p 00000000 00:00 0 
7f1a2cc3d000-7f1a2cd3b000 rw-p 00000000 00:00 0                          [stack:30906]
7f1a2cd3b000-7f1a2cd3e000 ---p 00000000 00:00 0 
7f1a2cd3e000-7f1a2ce3c000 rw-p 00000000 00:00 0                          [stack:30905]
7f1a2ce3c000-7f1a2ce3f000 ---p 00000000 00:00 0 
7f1a2ce3f000-7f1a2cf3d000 rw-p 00000000 00:00 0                          [stack:30904]
7f1a2cf3d000-7f1a2cf40000 ---p 00000000 00:00 0 
7f1a2cf40000-7f1a2d03e000 rw-p 00000000 00:00 0                          [stack:30903]
7f1a2d03e000-7f1a2d03f000 r--s 00002000 08:09 5264857                    /home/marmik2621/.m2/repository/org/apache/maven/reporting/maven-reporting-api/2.0.9/maven-reporting-api-2.0.9.jar
7f1a2d03f000-7f1a2d042000 r--s 00034000 08:09 5264854                    /home/marmik2621/.m2/repository/org/codehaus/plexus/plexus-utils/2.1/plexus-utils-2.1.jar
7f1a2d042000-7f1a2d044000 r--s 00006000 08:09 5264855                    /home/marmik2621/.m2/repository/org/apache/maven/shared/maven-common-artifact-filters/1.3/maven-common-artifact-filters-1.3.jar
7f1a2d044000-7f1a2d046000 r--s 0000d000 08:09 5264853                    /home/marmik2621/.m2/repository/org/apache/maven/surefire/maven-surefire-common/2.10/maven-surefire-common-2.10.jar
7f1a2d046000-7f1a2d04b000 r--s 00023000 08:09 5264852                    /home/marmik2621/.m2/repository/org/apache/maven/surefire/surefire-api/2.10/surefire-api-2.10.jar
7f1a2d04b000-7f1a2d04d000 r--s 00007000 08:09 5264851                    /home/marmik2621/.m2/repository/org/apache/maven/surefire/surefire-booter/2.10/surefire-booter-2.10.jar
7f1a2d04d000-7f1a2d04f000 r--s 00006000 08:09 5264745                    /home/marmik2621/.m2/repository/org/apache/maven/plugins/maven-surefire-plugin/2.10/maven-surefire-plugin-2.10.jar
7f1a2d04f000-7f1a2d24f000 rw-p 00000000 00:00 0 
7f1a2d24f000-7f1a2d251000 r--s 00006000 08:09 5266332                    /home/marmik2621/.m2/repository/org/apache/maven/shared/maven-invoker/2.0.11/maven-invoker-2.0.11.jar
7f1a2d251000-7f1a2d25c000 r--s 0007a000 08:09 4226999                    /home/marmik2621/.m2/repository/org/codehaus/jackson/jackson-mapper-asl/1.6.1/jackson-mapper-asl-1.6.1.jar
7f1a2d25c000-7f1a2d260000 r--s 0002e000 08:09 4226998                    /home/marmik2621/.m2/repository/org/codehaus/jackson/jackson-core-asl/1.6.1/jackson-core-asl-1.6.1.jar
7f1a2d260000-7f1a2d262000 r--s 00002000 08:09 5145697                    /home/marmik2621/.m2/repository/org/apache/maven/doxia/doxia-sink-api/1.1.2/doxia-sink-api-1.1.2.jar
7f1a2d262000-7f1a2d266000 r--s 00033000 08:09 1083979                    /home/marmik2621/.m2/repository/org/codehaus/plexus/plexus-utils/2.0.1/plexus-utils-2.0.1.jar
7f1a2d266000-7f1a2d26c000 r--s 00030000 08:09 3569105                    /home/marmik2621/.m2/repository/org/yaml/snakeyaml/1.4/snakeyaml-1.4.jar
7f1a2d26c000-7f1a2d26f000 r--s 0000a000 08:09 4226997                    /home/marmik2621/.m2/repository/org/apache/commons/commons-exec/1.0.1/commons-exec-1.0.1.jar
7f1a2d26f000-7f1a2d271000 r--s 00007000 08:09 5145696                    /home/marmik2621/.m2/repository/org/apache/maven/shared/maven-dependency-tree/1.2/maven-dependency-tree-1.2.jar
7f1a2d271000-7f1a2d273000 r--s 00002000 08:09 3828358                    /home/marmik2621/.m2/repository/org/sonatype/plexus/plexus-cipher/1.4/plexus-cipher-1.4.jar
7f1a2d273000-7f1a2d274000 r--s 00006000 08:09 3695870                    /home/marmik2621/.m2/repository/org/sonatype/plexus/plexus-sec-dispatcher/1.3/plexus-sec-dispatcher-1.3.jar
7f1a2d274000-7f1a2d276000 r--s 00009000 08:09 3952458                    /home/marmik2621/.m2/repository/commons-cli/commons-cli/1.2/commons-cli-1.2.jar
7f1a2d276000-7f1a2d278000 r--s 00003000 08:09 4607940                    /home/marmik2621/.m2/repository/org/slf4j/jcl-over-slf4j/1.5.6/jcl-over-slf4j-1.5.6.jar
7f1a2d278000-7f1a2d27a000 r--s 00004000 08:09 4479327                    /home/marmik2621/.m2/repository/org/slf4j/slf4j-api/1.5.6/slf4j-api-1.5.6.jar
7f1a2d27a000-7f1a2d27c000 r--s 00001000 08:09 3829323                    /home/marmik2621/.m2/repository/org/slf4j/slf4j-jdk14/1.5.6/slf4j-jdk14-1.5.6.jar
7f1a2d27c000-7f1a2d27d000 r--s 00002000 08:09 5145455                    /home/marmik2621/.m2/repository/org/apache/maven/doxia/doxia-logging-api/1.1/doxia-logging-api-1.1.jar
7f1a2d27d000-7f1a2d27e000 r--s 00002000 08:09 5022900                    /home/marmik2621/.m2/repository/org/apache/maven/reporting/maven-reporting-api/2.2.1/maven-reporting-api-2.2.1.jar
7f1a2d27e000-7f1a2d280000 r--s 0000b000 08:09 5145423                    /home/marmik2621/.m2/repository/org/codehaus/plexus/plexus-interpolation/1.11/plexus-interpolation-1.11.jar
7f1a2d280000-7f1a2d288000 r--s 00049000 08:09 4479324                    /home/marmik2621/.m2/repository/backport-util-concurrent/backport-util-concurrent/3.1/backport-util-concurrent-3.1.jar
7f1a2d288000-7f1a2d28b000 r--s 0001a000 08:09 1837613                    /home/marmik2621/.m2/repository/org/scala-tools/maven-scala-plugin/2.15.2/maven-scala-plugin-2.15.2.jar
7f1a2d28b000-7f1a2d28d000 r--s 00002000 08:09 5144314                    /home/marmik2621/.m2/repository/org/codehaus/plexus/plexus-compiler-javac/1.8.1/plexus-compiler-javac-1.8.1.jar
7f1a2d28d000-7f1a2d28f000 r--s 00000000 08:09 5144313                    /home/marmik2621/.m2/repository/org/codehaus/plexus/plexus-compiler-manager/1.8.1/plexus-compiler-manager-1.8.1.jar
7f1a2d28f000-7f1a2d290000 r--s 00004000 08:09 5144312                    /home/marmik2621/.m2/repository/org/codehaus/plexus/plexus-compiler-api/1.8.1/plexus-compiler-api-1.8.1.jar
7f1a2d290000-7f1a2d292000 r--s 00006000 08:09 5021634                    /home/marmik2621/.m2/repository/org/apache/maven/plugins/maven-compiler-plugin/2.3.2/maven-compiler-plugin-2.3.2.jar
7f1a2d292000-7f1a2d294000 r--s 0000d000 08:09 5144389                    /home/marmik2621/.m2/repository/org/codehaus/plexus/plexus-interpolation/1.13/plexus-interpolation-1.13.jar
7f1a2d294000-7f1a2d295000 r--s 00001000 08:09 3695863                    /home/marmik2621/.m2/repository/org/sonatype/plexus/plexus-build-api/0.0.4/plexus-build-api-0.0.4.jar
7f1a2d295000-7f1a2d297000 r--s 00009000 08:09 5144388                    /home/marmik2621/.m2/repository/org/apache/maven/shared/maven-filtering/1.0/maven-filtering-1.0.jar
7f1a2d297000-7f1a2d29b000 r--s 00033000 08:09 5144315                    /home/marmik2621/.m2/repository/org/codehaus/plexus/plexus-utils/2.0.5/plexus-utils-2.0.5.jar
7f1a2d29b000-7f1a2d29e000 r--s 0001b000 08:09 4886671                    /home/marmik2621/.m2/repository/junit/junit/3.8.1/junit-3.8.1.jar
7f1a2d29e000-7f1a2d2a0000 r--s 00002000 08:09 5144383                    /home/marmik2621/.m2/repository/org/codehaus/plexus/plexus-interactivity-api/1.0-alpha-4/plexus-interactivity-api-1.0-alpha-4.jar
7f1a2d2a0000-7f1a2d2a2000 r--s 00006000 08:09 3952488                    /home/marmik2621/.m2/repository/commons-cli/commons-cli/1.0/commons-cli-1.0.jar
7f1a2d2a2000-7f1a2d2a3000 r--s 00001000 08:09 5144382                    /home/marmik2621/.m2/repository/org/apache/maven/doxia/doxia-sink-api/1.0-alpha-7/doxia-sink-api-1.0-alpha-7.jar
7f1a2d2a3000-7f1a2d4a3000 rw-p 00000000 00:00 0 
7f1a2d4a3000-7f1a2d4b4000 r-xp 00000000 08:09 3810728                    /usr/lib/jvm/java-8-oracle/jre/lib/amd64/libnio.so
7f1a2d4b4000-7f1a2d6b3000 ---p 00011000 08:09 3810728                    /usr/lib/jvm/java-8-oracle/jre/lib/amd64/libnio.so
7f1a2d6b3000-7f1a2d6b4000 rw-p 00010000 08:09 3810728                    /usr/lib/jvm/java-8-oracle/jre/lib/amd64/libnio.so
7f1a2d6b4000-7f1a2d6b7000 ---p 00000000 00:00 0 
7f1a2d6b7000-7f1a2d8ed000 rw-p 00000000 00:00 0                          [stack:30701]
7f1a2d8ed000-7f1a2daed000 rw-p 00000000 00:00 0 
7f1a2daed000-7f1a2ddee000 rw-p 00000000 00:00 0 
7f1a2ddee000-7f1a2de04000 r-xp 00000000 08:09 3801689                    /usr/lib/jvm/java-8-oracle/jre/lib/amd64/libnet.so
7f1a2de04000-7f1a2e004000 ---p 00016000 08:09 3801689                    /usr/lib/jvm/java-8-oracle/jre/lib/amd64/libnet.so
7f1a2e004000-7f1a2e005000 rw-p 00016000 08:09 3801689                    /usr/lib/jvm/java-8-oracle/jre/lib/amd64/libnet.so
7f1a2e005000-7f1a2e008000 ---p 00000000 00:00 0 
7f1a2e008000-7f1a2e106000 rw-p 00000000 00:00 0                          [stack:30655]
7f1a2e106000-7f1a2e107000 r-xp 00000000 08:09 2894376                    /home/marmik2621/Downloads/idea-IC-162.2228.15/bin/libbreakgen64.so
7f1a2e107000-7f1a2e306000 ---p 00001000 08:09 2894376                    /home/marmik2621/Downloads/idea-IC-162.2228.15/bin/libbreakgen64.so
7f1a2e306000-7f1a2e307000 r--p 00000000 08:09 2894376                    /home/marmik2621/Downloads/idea-IC-162.2228.15/bin/libbreakgen64.so
7f1a2e307000-7f1a2e308000 rw-p 00001000 08:09 2894376                    /home/marmik2621/Downloads/idea-IC-162.2228.15/bin/libbreakgen64.so
7f1a2e308000-7f1a2e309000 ---p 00000000 00:00 0 
7f1a2e309000-7f1a2e409000 rw-p 00000000 00:00 0                          [stack:30654]
7f1a2e409000-7f1a2e40c000 ---p 00000000 00:00 0 
7f1a2e40c000-7f1a2e50a000 rw-p 00000000 00:00 0                          [stack:30653]
7f1a2e50a000-7f1a2e50d000 ---p 00000000 00:00 0 
7f1a2e50d000-7f1a2e60b000 rw-p 00000000 00:00 0                          [stack:30652]
7f1a2e60b000-7f1a2e60e000 ---p 00000000 00:00 0 
7f1a2e60e000-7f1a2e70c000 rw-p 00000000 00:00 0                          [stack:30651]
7f1a2e70c000-7f1a2e70f000 ---p 00000000 00:00 0 
7f1a2e70f000-7f1a2e80d000 rw-p 00000000 00:00 0                          [stack:30650]
7f1a2e80d000-7f1a2e810000 ---p 00000000 00:00 0 
7f1a2e810000-7f1a2e90e000 rw-p 00000000 00:00 0                          [stack:30649]
7f1a2e90e000-7f1a2eff0000 r--p 00000000 08:09 3415813                    /usr/lib/locale/locale-archive
7f1a2eff0000-7f1a2eff3000 ---p 00000000 00:00 0 
7f1a2eff3000-7f1a2f0f1000 rw-p 00000000 00:00 0                          [stack:30646]
7f1a2f0f1000-7f1a2f0f4000 ---p 00000000 00:00 0 
7f1a2f0f4000-7f1a2f1f2000 rw-p 00000000 00:00 0                          [stack:30645]
7f1a2f1f2000-7f1a2f1f3000 ---p 00000000 00:00 0 
7f1a2f1f3000-7f1a30000000 rw-p 00000000 00:00 0                          [stack:30644]
7f1a30000000-7f1a30021000 rw-p 00000000 00:00 0 
7f1a30021000-7f1a34000000 ---p 00000000 00:00 0 
7f1a34000000-7f1a34021000 rw-p 00000000 00:00 0 
7f1a34021000-7f1a38000000 ---p 00000000 00:00 0 
7f1a38000000-7f1a38021000 rw-p 00000000 00:00 0 
7f1a38021000-7f1a3c000000 ---p 00000000 00:00 0 
7f1a3c000000-7f1a3c001000 r--s 00002000 08:09 5144384                    /home/marmik2621/.m2/repository/org/apache/maven/reporting/maven-reporting-api/2.0.6/maven-reporting-api-2.0.6.jar
7f1a3c001000-7f1a3c003000 r--s 00005000 08:09 5144336                    /home/marmik2621/.m2/repository/org/apache/maven/plugins/maven-resources-plugin/2.5/maven-resources-plugin-2.5.jar
7f1a3c003000-7f1a3c004000 r--p 00000000 00:00 0 
7f1a3c004000-7f1a3c008000 r--s 00097000 08:09 3676216                    /usr/lib/jvm/java-8-oracle/jre/lib/jsse.jar
7f1a3c008000-7f1a3c00a000 r--s 00006000 08:09 4480010                    /home/marmik2621/Downloads/idea-IC-162.2228.15/plugins/maven/lib/maven3/lib/maven-repository-metadata-3.0.5.jar
7f1a3c00a000-7f1a3c00c000 r--s 00006000 08:09 4479993                    /home/marmik2621/Downloads/idea-IC-162.2228.15/plugins/maven/lib/maven3/lib/aether-connector-wagon-1.13.1.jar
7f1a3c00c000-7f1a3c00d000 r--s 00006000 08:09 4480016                    /home/marmik2621/Downloads/idea-IC-162.2228.15/plugins/maven/lib/maven3/lib/plexus-sec-dispatcher-1.3.jar
7f1a3c00d000-7f1a3c00f000 r--s 0000b000 08:09 4480003                    /home/marmik2621/Downloads/idea-IC-162.2228.15/plugins/maven/lib/maven3/lib/maven-artifact-3.0.5.jar
7f1a3c00f000-7f1a3c012000 r--s 00013000 08:09 4479992                    /home/marmik2621/Downloads/idea-IC-162.2228.15/plugins/maven/lib/maven3/lib/aether-api-1.13.1.jar
7f1a3c012000-7f1a3c013000 r--s 00002000 08:09 4480022                    /home/marmik2621/Downloads/idea-IC-162.2228.15/plugins/maven/lib/maven3/lib/wagon-file-2.8.jar
7f1a3c013000-7f1a3c015000 r--s 0000d000 08:09 4480015                    /home/marmik2621/Downloads/idea-IC-162.2228.15/plugins/maven/lib/maven3/lib/plexus-interpolation-1.14.jar
7f1a3c015000-7f1a3c017000 r--s 00002000 08:09 4480013                    /home/marmik2621/Downloads/idea-IC-162.2228.15/plugins/maven/lib/maven3/lib/plexus-cipher-1.7.jar
7f1a3c017000-7f1a3c01d000 r--s 0002c000 08:09 4480021                    /home/marmik2621/Downloads/idea-IC-162.2228.15/plugins/maven/lib/maven3/lib/sisu-inject-plexus-2.3.0.jar
7f1a3c01d000-7f1a3c029000 r--s 0007d000 08:09 4480005                    /home/marmik2621/Downloads/idea-IC-162.2228.15/plugins/maven/lib/maven3/lib/maven-core-3.0.5.jar
7f1a3c029000-7f1a3c02d000 r--s 00033000 08:09 4480017                    /home/marmik2621/Downloads/idea-IC-162.2228.15/plugins/maven/lib/maven3/lib/plexus-utils-2.0.6.jar
7f1a3c02d000-7f1a3c04c000 r--s 00152000 08:09 4480018                    /home/marmik2621/Downloads/idea-IC-162.2228.15/plugins/maven/lib/maven3/lib/sisu-guava-0.9.9.jar
7f1a3c04c000-7f1a3c24e000 rw-p 00000000 00:00 0 
7f1a3c24e000-7f1a3c426000 r--s 03d1d000 08:09 3676213                    /usr/lib/jvm/java-8-oracle/jre/lib/rt.jar
7f1a3c426000-7f1a3d000000 rw-p 00000000 00:00 0 
7f1a3d000000-7f1a3dfe0000 rwxp 00000000 00:00 0 
7f1a3dfe0000-7f1a4c000000 ---p 00000000 00:00 0 
7f1a4c000000-7f1a4cc98000 rw-p 00000000 00:00 0 
7f1a4cc98000-7f1a50000000 ---p 00000000 00:00 0 
7f1a50000000-7f1a50002000 r--s 0000b000 08:09 4480025                    /home/marmik2621/Downloads/idea-IC-162.2228.15/plugins/maven/lib/maven3/lib/wagon-provider-api-2.8.jar
7f1a50002000-7f1a50004000 r--s 0000b000 08:09 4480009                    /home/marmik2621/Downloads/idea-IC-162.2228.15/plugins/maven/lib/maven3/lib/maven-plugin-api-3.0.5.jar
7f1a50004000-7f1a50005000 r--s 00003000 08:09 4479995                    /home/marmik2621/Downloads/idea-IC-162.2228.15/plugins/maven/lib/maven3/lib/aether-spi-1.13.1.jar
7f1a50005000-7f1a50009000 r--s 00021000 08:09 4480008                    /home/marmik2621/Downloads/idea-IC-162.2228.15/plugins/maven/lib/maven3/lib/maven-model-builder-3.0.5.jar
7f1a50009000-7f1a5000d000 r--s 0001c000 08:09 4479996                    /home/marmik2621/Downloads/idea-IC-162.2228.15/plugins/maven/lib/maven3/lib/aether-util-1.13.1.jar
7f1a5000d000-7f1a50015000 r--s 00050000 08:09 4480019                    /home/marmik2621/Downloads/idea-IC-162.2228.15/plugins/maven/lib/maven3/lib/sisu-guice-3.1.0-no_aop.jar
7f1a50015000-7f1a50017000 r--s 0000c000 08:09 4480002                    /home/marmik2621/Downloads/idea-IC-162.2228.15/plugins/maven/lib/maven3/lib/maven-aether-provider-3.0.5.jar
7f1a50017000-7f1a50045000 r--s 001fa000 08:09 4480023                    /home/marmik2621/Downloads/idea-IC-162.2228.15/plugins/maven/lib/maven3/lib/wagon-http-2.8-shaded.jar
7f1a50045000-7f1a5004c000 r--s 00040000 08:09 4480020                    /home/marmik2621/Downloads/idea-IC-162.2228.15/plugins/maven/lib/maven3/lib/sisu-inject-bean-2.3.0.jar
7f1a5004c000-7f1a50195000 rw-p 00000000 00:00 0 
7f1a50195000-7f1a50196000 ---p 00000000 00:00 0 
7f1a50196000-7f1a50296000 rw-p 00000000 00:00 0                          [stack:30643]
7f1a50296000-7f1a50297000 ---p 00000000 00:00 0 
7f1a50297000-7f1a50397000 rw-p 00000000 00:00 0                          [stack:30642]
7f1a50397000-7f1a50398000 ---p 00000000 00:00 0 
7f1a50398000-7f1a50498000 rw-p 00000000 00:00 0                          [stack:30641]
7f1a50498000-7f1a50499000 ---p 00000000 00:00 0 
7f1a50499000-7f1a505c3000 rw-p 00000000 00:00 0                          [stack:30640]
7f1a505c3000-7f1a5082b000 ---p 00000000 00:00 0 
7f1a5082b000-7f1a50855000 rw-p 00000000 00:00 0 
7f1a50855000-7f1a50abc000 ---p 00000000 00:00 0 
7f1a50abc000-7f1a50b8e000 rw-p 00000000 00:00 0 
7f1a50b8e000-7f1a50c05000 ---p 00000000 00:00 0 
7f1a50c05000-7f1a50c46000 rw-p 00000000 00:00 0 
7f1a50c46000-7f1a50fc6000 ---p 00000000 00:00 0 
7f1a50fc6000-7f1a50fe0000 r-xp 00000000 08:09 3801371                    /usr/lib/jvm/java-8-oracle/jre/lib/amd64/libzip.so
7f1a50fe0000-7f1a511e0000 ---p 0001a000 08:09 3801371                    /usr/lib/jvm/java-8-oracle/jre/lib/amd64/libzip.so
7f1a511e0000-7f1a511e1000 rw-p 0001a000 08:09 3801371                    /usr/lib/jvm/java-8-oracle/jre/lib/amd64/libzip.so
7f1a511e1000-7f1a511ed000 r-xp 00000000 08:09 3543547                    /lib/x86_64-linux-gnu/libnss_files-2.21.so
7f1a511ed000-7f1a513ec000 ---p 0000c000 08:09 3543547                    /lib/x86_64-linux-gnu/libnss_files-2.21.so
7f1a513ec000-7f1a513ed000 r--p 0000b000 08:09 3543547                    /lib/x86_64-linux-gnu/libnss_files-2.21.so
7f1a513ed000-7f1a513ee000 rw-p 0000c000 08:09 3543547                    /lib/x86_64-linux-gnu/libnss_files-2.21.so
7f1a513ee000-7f1a513f9000 r-xp 00000000 08:09 3543557                    /lib/x86_64-linux-gnu/libnss_nis-2.21.so
7f1a513f9000-7f1a515f8000 ---p 0000b000 08:09 3543557                    /lib/x86_64-linux-gnu/libnss_nis-2.21.so
7f1a515f8000-7f1a515f9000 r--p 0000a000 08:09 3543557                    /lib/x86_64-linux-gnu/libnss_nis-2.21.so
7f1a515f9000-7f1a515fa000 rw-p 0000b000 08:09 3543557                    /lib/x86_64-linux-gnu/libnss_nis-2.21.so
7f1a515fa000-7f1a51611000 r-xp 00000000 08:09 3543541                    /lib/x86_64-linux-gnu/libnsl-2.21.so
7f1a51611000-7f1a51810000 ---p 00017000 08:09 3543541                    /lib/x86_64-linux-gnu/libnsl-2.21.so
7f1a51810000-7f1a51811000 r--p 00016000 08:09 3543541                    /lib/x86_64-linux-gnu/libnsl-2.21.so
7f1a51811000-7f1a51812000 rw-p 00017000 08:09 3543541                    /lib/x86_64-linux-gnu/libnsl-2.21.so
7f1a51812000-7f1a51814000 rw-p 00000000 00:00 0 
7f1a51814000-7f1a5181c000 r-xp 00000000 08:09 3543543                    /lib/x86_64-linux-gnu/libnss_compat-2.21.so
7f1a5181c000-7f1a51a1b000 ---p 00008000 08:09 3543543                    /lib/x86_64-linux-gnu/libnss_compat-2.21.so
7f1a51a1b000-7f1a51a1c000 r--p 00007000 08:09 3543543                    /lib/x86_64-linux-gnu/libnss_compat-2.21.so
7f1a51a1c000-7f1a51a1d000 rw-p 00008000 08:09 3543543                    /lib/x86_64-linux-gnu/libnss_compat-2.21.so
7f1a51a1d000-7f1a51a47000 r-xp 00000000 08:09 3801182                    /usr/lib/jvm/java-8-oracle/jre/lib/amd64/libjava.so
7f1a51a47000-7f1a51c47000 ---p 0002a000 08:09 3801182                    /usr/lib/jvm/java-8-oracle/jre/lib/amd64/libjava.so
7f1a51c47000-7f1a51c49000 rw-p 0002a000 08:09 3801182                    /usr/lib/jvm/java-8-oracle/jre/lib/amd64/libjava.so
7f1a51c49000-7f1a51c56000 r-xp 00000000 08:09 3801328                    /usr/lib/jvm/java-8-oracle/jre/lib/amd64/libverify.so
7f1a51c56000-7f1a51e56000 ---p 0000d000 08:09 3801328                    /usr/lib/jvm/java-8-oracle/jre/lib/amd64/libverify.so
7f1a51e56000-7f1a51e58000 rw-p 0000d000 08:09 3801328                    /usr/lib/jvm/java-8-oracle/jre/lib/amd64/libverify.so
7f1a51e58000-7f1a51e5f000 r-xp 00000000 08:09 3543602                    /lib/x86_64-linux-gnu/librt-2.21.so
7f1a51e5f000-7f1a5205e000 ---p 00007000 08:09 3543602                    /lib/x86_64-linux-gnu/librt-2.21.so
7f1a5205e000-7f1a5205f000 r--p 00006000 08:09 3543602                    /lib/x86_64-linux-gnu/librt-2.21.so
7f1a5205f000-7f1a52060000 rw-p 00007000 08:09 3543602                    /lib/x86_64-linux-gnu/librt-2.21.so
7f1a52060000-7f1a52167000 r-xp 00000000 08:09 3543520                    /lib/x86_64-linux-gnu/libm-2.21.so
7f1a52167000-7f1a52366000 ---p 00107000 08:09 3543520                    /lib/x86_64-linux-gnu/libm-2.21.so
7f1a52366000-7f1a52367000 r--p 00106000 08:09 3543520                    /lib/x86_64-linux-gnu/libm-2.21.so
7f1a52367000-7f1a52368000 rw-p 00107000 08:09 3543520                    /lib/x86_64-linux-gnu/libm-2.21.so
7f1a52368000-7f1a53027000 r-xp 00000000 08:09 3810712                    /usr/lib/jvm/java-8-oracle/jre/lib/amd64/server/libjvm.so
7f1a53027000-7f1a53226000 ---p 00cbf000 08:09 3810712                    /usr/lib/jvm/java-8-oracle/jre/lib/amd64/server/libjvm.so
7f1a53226000-7f1a532ff000 rw-p 00cbe000 08:09 3810712                    /usr/lib/jvm/java-8-oracle/jre/lib/amd64/server/libjvm.so
7f1a532ff000-7f1a53348000 rw-p 00000000 00:00 0 
7f1a53348000-7f1a53508000 r-xp 00000000 08:09 3543458                    /lib/x86_64-linux-gnu/libc-2.21.so
7f1a53508000-7f1a53708000 ---p 001c0000 08:09 3543458                    /lib/x86_64-linux-gnu/libc-2.21.so
7f1a53708000-7f1a5370c000 r--p 001c0000 08:09 3543458                    /lib/x86_64-linux-gnu/libc-2.21.so
7f1a5370c000-7f1a5370e000 rw-p 001c4000 08:09 3543458                    /lib/x86_64-linux-gnu/libc-2.21.so
7f1a5370e000-7f1a53712000 rw-p 00000000 00:00 0 
7f1a53712000-7f1a53715000 r-xp 00000000 08:09 3543477                    /lib/x86_64-linux-gnu/libdl-2.21.so
7f1a53715000-7f1a53914000 ---p 00003000 08:09 3543477                    /lib/x86_64-linux-gnu/libdl-2.21.so
7f1a53914000-7f1a53915000 r--p 00002000 08:09 3543477                    /lib/x86_64-linux-gnu/libdl-2.21.so
7f1a53915000-7f1a53916000 rw-p 00003000 08:09 3543477                    /lib/x86_64-linux-gnu/libdl-2.21.so
7f1a53916000-7f1a5392b000 r-xp 00000000 08:09 3672605                    /usr/lib/jvm/java-8-oracle/lib/amd64/jli/libjli.so
7f1a5392b000-7f1a53b2b000 ---p 00015000 08:09 3672605                    /usr/lib/jvm/java-8-oracle/lib/amd64/jli/libjli.so
7f1a53b2b000-7f1a53b2c000 rw-p 00015000 08:09 3672605                    /usr/lib/jvm/java-8-oracle/lib/amd64/jli/libjli.so
7f1a53b2c000-7f1a53b44000 r-xp 00000000 08:09 3543594                    /lib/x86_64-linux-gnu/libpthread-2.21.so
7f1a53b44000-7f1a53d44000 ---p 00018000 08:09 3543594                    /lib/x86_64-linux-gnu/libpthread-2.21.so
7f1a53d44000-7f1a53d45000 r--p 00018000 08:09 3543594                    /lib/x86_64-linux-gnu/libpthread-2.21.so
7f1a53d45000-7f1a53d46000 rw-p 00019000 08:09 3543594                    /lib/x86_64-linux-gnu/libpthread-2.21.so
7f1a53d46000-7f1a53d4a000 rw-p 00000000 00:00 0 
7f1a53d4a000-7f1a53d6e000 r-xp 00000000 08:09 3543430                    /lib/x86_64-linux-gnu/ld-2.21.so
7f1a53d6e000-7f1a53d6f000 r--s 00002000 08:09 4480024                    /home/marmik2621/Downloads/idea-IC-162.2228.15/plugins/maven/lib/maven3/lib/wagon-http-shared-2.8.jar
7f1a53d6f000-7f1a53d71000 r--s 00009000 08:09 4479997                    /home/marmik2621/Downloads/idea-IC-162.2228.15/plugins/maven/lib/maven3/lib/commons-cli-1.2.jar
7f1a53d71000-7f1a53d73000 r--s 00000000 08:09 4480014                    /home/marmik2621/Downloads/idea-IC-162.2228.15/plugins/maven/lib/maven3/lib/plexus-component-annotations-1.5.5.jar
7f1a53d73000-7f1a53d75000 r--s 0000a000 08:09 4480011                    /home/marmik2621/Downloads/idea-IC-162.2228.15/plugins/maven/lib/maven3/lib/maven-settings-3.0.5.jar
7f1a53d75000-7f1a53d76000 r--s 0000a000 08:09 4480006                    /home/marmik2621/Downloads/idea-IC-162.2228.15/plugins/maven/lib/maven3/lib/maven-embedder-3.0.5.jar
7f1a53d76000-7f1a53d7c000 r--s 0003f000 08:09 4480004                    /home/marmik2621/Downloads/idea-IC-162.2228.15/plugins/maven/lib/maven3/lib/maven-compat-3.0.5.jar
7f1a53d7c000-7f1a53d7f000 r--s 00008000 08:09 4480012                    /home/marmik2621/Downloads/idea-IC-162.2228.15/plugins/maven/lib/maven3/lib/maven-settings-builder-3.0.5.jar
7f1a53d7f000-7f1a53d82000 r--s 0001d000 08:09 4479994                    /home/marmik2621/Downloads/idea-IC-162.2228.15/plugins/maven/lib/maven3/lib/aether-impl-1.13.1.jar
7f1a53d82000-7f1a53e4d000 rw-p 00000000 00:00 0 
7f1a53e4d000-7f1a53e50000 ---p 00000000 00:00 0 
7f1a53e50000-7f1a53f52000 rw-p 00000000 00:00 0                          [stack:30638]
7f1a53f52000-7f1a53f54000 r--s 00026000 08:09 4480007                    /home/marmik2621/Downloads/idea-IC-162.2228.15/plugins/maven/lib/maven3/lib/maven-model-3.0.5.jar
7f1a53f54000-7f1a53f58000 r--s 00027000 08:09 4479998                    /home/marmik2621/Downloads/idea-IC-162.2228.15/plugins/maven/lib/maven3/lib/commons-io-2.2.jar
7f1a53f58000-7f1a53f5d000 r--s 00041000 08:09 4479999                    /home/marmik2621/Downloads/idea-IC-162.2228.15/plugins/maven/lib/maven3/lib/commons-lang-2.6.jar
7f1a53f5d000-7f1a53f5f000 r--s 0001e000 08:09 2883637                    /home/marmik2621/Downloads/idea-IC-162.2228.15/lib/idea_rt.jar
7f1a53f5f000-7f1a53f61000 r--s 0000a000 08:09 4479988                    /home/marmik2621/Downloads/idea-IC-162.2228.15/plugins/maven/lib/maven3/boot/plexus-classworlds-2.4.jar
7f1a53f61000-7f1a53f69000 rw-s 00000000 08:09 2621597                    /tmp/hsperfdata_marmik2621/30636
7f1a53f69000-7f1a53f6a000 rw-p 00000000 00:00 0 
7f1a53f6a000-7f1a53f6b000 ---p 00000000 00:00 0 
7f1a53f6b000-7f1a53f6d000 rw-p 00000000 00:00 0 
7f1a53f6d000-7f1a53f6e000 r--p 00023000 08:09 3543430                    /lib/x86_64-linux-gnu/ld-2.21.so
7f1a53f6e000-7f1a53f6f000 rw-p 00024000 08:09 3543430                    /lib/x86_64-linux-gnu/ld-2.21.so
7f1a53f6f000-7f1a53f70000 rw-p 00000000 00:00 0 
7ffef1cd1000-7ffef1cf2000 rw-p 00000000 00:00 0                          [stack]
7ffef1cf5000-7ffef1cf7000 r--p 00000000 00:00 0                          [vvar]
7ffef1cf7000-7ffef1cf9000 r-xp 00000000 00:00 0                          [vdso]
ffffffffff600000-ffffffffff601000 r-xp 00000000 00:00 0                  [vsyscall]

VM Arguments:
jvm_args: -Dmaven.home=/home/marmik2621/Downloads/idea-IC-162.2228.15/plugins/maven/lib/maven3 -Dclassworlds.conf=/home/marmik2621/Downloads/idea-IC-162.2228.15/plugins/maven/lib/maven3/bin/m2.conf -Didea.launcher.port=7533 -Didea.launcher.bin.path=/home/marmik2621/Downloads/idea-IC-162.2228.15/bin -Dfile.encoding=UTF-8 
java_command: com.intellij.rt.execution.application.AppMain org.codehaus.classworlds.Launcher -Didea.version=2016.2.5 package
java_class_path (initial): /home/marmik2621/Downloads/idea-IC-162.2228.15/plugins/maven/lib/maven3/boot/plexus-classworlds-2.4.jar:/home/marmik2621/Downloads/idea-IC-162.2228.15/lib/idea_rt.jar
Launcher Type: SUN_STANDARD

Environment Variables:
JAVA_HOME=/usr/lib/jvm/java-8-oracle
PATH=/usr/local/sbin:/usr/local/bin:/usr/sbin:/usr/bin:/sbin:/bin:/usr/games:/usr/local/games:/usr/lib/jvm/java-8-oracle/bin:/usr/lib/jvm/java-8-oracle/db/bin:/usr/lib/jvm/java-8-oracle/jre/bin
LD_LIBRARY_PATH=/home/marmik2621/Downloads/idea-IC-162.2228.15/bin:
SHELL=/bin/bash
DISPLAY=:0

Signal Handlers:
SIGSEGV: [libjvm.so+0xabb070], sa_mask[0]=11111111011111111101111111111110, sa_flags=SA_RESTART|SA_SIGINFO
SIGBUS: [libjvm.so+0xabb070], sa_mask[0]=11111111011111111101111111111110, sa_flags=SA_RESTART|SA_SIGINFO
SIGFPE: [libjvm.so+0x918480], sa_mask[0]=11111111011111111101111111111110, sa_flags=SA_RESTART|SA_SIGINFO
SIGPIPE: [libjvm.so+0x918480], sa_mask[0]=11111111011111111101111111111110, sa_flags=SA_RESTART|SA_SIGINFO
SIGXFSZ: [libjvm.so+0x918480], sa_mask[0]=11111111011111111101111111111110, sa_flags=SA_RESTART|SA_SIGINFO
SIGILL: [libjvm.so+0x918480], sa_mask[0]=11111111011111111101111111111110, sa_flags=SA_RESTART|SA_SIGINFO
SIGUSR1: SIG_DFL, sa_mask[0]=00000000000000000000000000000000, sa_flags=none
SIGUSR2: [libjvm.so+0x919ab0], sa_mask[0]=00100000000000000000000000000000, sa_flags=SA_RESTART|SA_SIGINFO
SIGHUP: [libjvm.so+0x91aeb0], sa_mask[0]=11111111011111111101111111111110, sa_flags=SA_RESTART|SA_SIGINFO
SIGINT: [libjvm.so+0x91aeb0], sa_mask[0]=11111111011111111101111111111110, sa_flags=SA_RESTART|SA_SIGINFO
SIGTERM: [libjvm.so+0x91aeb0], sa_mask[0]=11111111011111111101111111111110, sa_flags=SA_RESTART|SA_SIGINFO
SIGQUIT: [libjvm.so+0x91aeb0], sa_mask[0]=11111111011111111101111111111110, sa_flags=SA_RESTART|SA_SIGINFO


---------------  S Y S T E M  ---------------

OS:DISTRIB_ID=Ubuntu
DISTRIB_RELEASE=15.10
DISTRIB_CODENAME=wily
DISTRIB_DESCRIPTION="Ubuntu 15.10"

uname:Linux 4.2.0-27-generic #32-Ubuntu SMP Fri Jan 22 04:49:08 UTC 2016 x86_64
libc:glibc 2.21 NPTL 2.21 
rlimit: STACK 8192k, CORE 0k, NPROC 31385, NOFILE 65536, AS infinity
load average:5.27 5.44 4.31

/proc/meminfo:
MemTotal:        8069392 kB
MemFree:           57384 kB
MemAvailable:     193504 kB
Buffers:            7380 kB
Cached:           662064 kB
SwapCached:            0 kB
Active:          7168564 kB
Inactive:         552952 kB
Active(anon):    7095972 kB
Inactive(anon):   487780 kB
Active(file):      72592 kB
Inactive(file):    65172 kB
Unevictable:         204 kB
Mlocked:             204 kB
SwapTotal:             0 kB
SwapFree:              0 kB
Dirty:               656 kB
Writeback:             0 kB
AnonPages:       7052668 kB
Mapped:           369096 kB
Shmem:            531308 kB
Slab:              90248 kB
SReclaimable:      40644 kB
SUnreclaim:        49604 kB
KernelStack:       19008 kB
PageTables:        79968 kB
NFS_Unstable:          0 kB
Bounce:                0 kB
WritebackTmp:          0 kB
CommitLimit:     4034696 kB
Committed_AS:   18006064 kB
VmallocTotal:   34359738367 kB
VmallocUsed:      569212 kB
VmallocChunk:   34358423548 kB
HardwareCorrupted:     0 kB
AnonHugePages:   1892352 kB
CmaTotal:              0 kB
CmaFree:               0 kB
HugePages_Total:       0
HugePages_Free:        0
HugePages_Rsvd:        0
HugePages_Surp:        0
Hugepagesize:       2048 kB
DirectMap4k:      246528 kB
DirectMap2M:     8036352 kB
DirectMap1G:     1048576 kB


CPU:total 4 (2 cores per cpu, 2 threads per core) family 6 model 69 stepping 1, cmov, cx8, fxsr, mmx, sse, sse2, sse3, ssse3, sse4.1, sse4.2, popcnt, avx, avx2, aes, clmul, erms, lzcnt, ht, tsc, tscinvbit, bmi1, bmi2

/proc/cpuinfo:
processor	: 0
vendor_id	: GenuineIntel
cpu family	: 6
model		: 69
model name	: Intel(R) Core(TM) i3-4030U CPU @ 1.90GHz
stepping	: 1
microcode	: 0x1c
cpu MHz		: 1900.000
cache size	: 3072 KB
physical id	: 0
siblings	: 4
core id		: 0
cpu cores	: 2
apicid		: 0
initial apicid	: 0
fpu		: yes
fpu_exception	: yes
cpuid level	: 13
wp		: yes
flags		: fpu vme de pse tsc msr pae mce cx8 apic sep mtrr pge mca cmov pat pse36 clflush dts acpi mmx fxsr sse sse2 ss ht tm pbe syscall nx pdpe1gb rdtscp lm constant_tsc arch_perfmon pebs bts rep_good nopl xtopology nonstop_tsc aperfmperf eagerfpu pni pclmulqdq dtes64 monitor ds_cpl vmx est tm2 ssse3 fma cx16 xtpr pdcm pcid sse4_1 sse4_2 x2apic movbe popcnt tsc_deadline_timer aes xsave avx f16c rdrand lahf_lm abm arat epb pln pts dtherm tpr_shadow vnmi flexpriority ept vpid fsgsbase tsc_adjust bmi1 avx2 smep bmi2 erms invpcid xsaveopt
bugs		:
bogomips	: 3791.18
clflush size	: 64
cache_alignment	: 64
address sizes	: 39 bits physical, 48 bits virtual
power management:

processor	: 1
vendor_id	: GenuineIntel
cpu family	: 6
model		: 69
model name	: Intel(R) Core(TM) i3-4030U CPU @ 1.90GHz
stepping	: 1
microcode	: 0x1c
cpu MHz		: 1896.585
cache size	: 3072 KB
physical id	: 0
siblings	: 4
core id		: 0
cpu cores	: 2
apicid		: 1
initial apicid	: 1
fpu		: yes
fpu_exception	: yes
cpuid level	: 13
wp		: yes
flags		: fpu vme de pse tsc msr pae mce cx8 apic sep mtrr pge mca cmov pat pse36 clflush dts acpi mmx fxsr sse sse2 ss ht tm pbe syscall nx pdpe1gb rdtscp lm constant_tsc arch_perfmon pebs bts rep_good nopl xtopology nonstop_tsc aperfmperf eagerfpu pni pclmulqdq dtes64 monitor ds_cpl vmx est tm2 ssse3 fma cx16 xtpr pdcm pcid sse4_1 sse4_2 x2apic movbe popcnt tsc_deadline_timer aes xsave avx f16c rdrand lahf_lm abm arat epb pln pts dtherm tpr_shadow vnmi flexpriority ept vpid fsgsbase tsc_adjust bmi1 avx2 smep bmi2 erms invpcid xsaveopt
bugs		:
bogomips	: 3791.18
clflush size	: 64
cache_alignment	: 64
address sizes	: 39 bits physical, 48 bits virtual
power management:

processor	: 2
vendor_id	: GenuineIntel
cpu family	: 6
model		: 69
model name	: Intel(R) Core(TM) i3-4030U CPU @ 1.90GHz
stepping	: 1
microcode	: 0x1c
cpu MHz		: 1895.101
cache size	: 3072 KB
physical id	: 0
siblings	: 4
core id		: 1
cpu cores	: 2
apicid		: 2
initial apicid	: 2
fpu		: yes
fpu_exception	: yes
cpuid level	: 13
wp		: yes
flags		: fpu vme de pse tsc msr pae mce cx8 apic sep mtrr pge mca cmov pat pse36 clflush dts acpi mmx fxsr sse sse2 ss ht tm pbe syscall nx pdpe1gb rdtscp lm constant_tsc arch_perfmon pebs bts rep_good nopl xtopology nonstop_tsc aperfmperf eagerfpu pni pclmulqdq dtes64 monitor ds_cpl vmx est tm2 ssse3 fma cx16 xtpr pdcm pcid sse4_1 sse4_2 x2apic movbe popcnt tsc_deadline_timer aes xsave avx f16c rdrand lahf_lm abm arat epb pln pts dtherm tpr_shadow vnmi flexpriority ept vpid fsgsbase tsc_adjust bmi1 avx2 smep bmi2 erms invpcid xsaveopt
bugs		:
bogomips	: 3791.18
clflush size	: 64
cache_alignment	: 64
address sizes	: 39 bits physical, 48 bits virtual
power management:

processor	: 3
vendor_id	: GenuineIntel
cpu family	: 6
model		: 69
model name	: Intel(R) Core(TM) i3-4030U CPU @ 1.90GHz
stepping	: 1
microcode	: 0x1c
cpu MHz		: 1895.027
cache size	: 3072 KB
physical id	: 0
siblings	: 4
core id		: 1
cpu cores	: 2
apicid		: 3
initial apicid	: 3
fpu		: yes
fpu_exception	: yes
cpuid level	: 13
wp		: yes
flags		: fpu vme de pse tsc msr pae mce cx8 apic sep mtrr pge mca cmov pat pse36 clflush dts acpi mmx fxsr sse sse2 ss ht tm pbe syscall nx pdpe1gb rdtscp lm constant_tsc arch_perfmon pebs bts rep_good nopl xtopology nonstop_tsc aperfmperf eagerfpu pni pclmulqdq dtes64 monitor ds_cpl vmx est tm2 ssse3 fma cx16 xtpr pdcm pcid sse4_1 sse4_2 x2apic movbe popcnt tsc_deadline_timer aes xsave avx f16c rdrand lahf_lm abm arat epb pln pts dtherm tpr_shadow vnmi flexpriority ept vpid fsgsbase tsc_adjust bmi1 avx2 smep bmi2 erms invpcid xsaveopt
bugs		:
bogomips	: 3791.18
clflush size	: 64
cache_alignment	: 64
address sizes	: 39 bits physical, 48 bits virtual
power management:



Memory: 4k page, physical 8069392k(57384k free), swap 0k(0k free)

vm_info: Java HotSpot(TM) 64-Bit Server VM (25.72-b15) for linux-amd64 JRE (1.8.0_72-b15), built on Dec 22 2015 22:00:07 by "java_re" with gcc 4.3.0 20080428 (Red Hat 4.3.0-8)

time: Mon Oct 31 14:32:46 2016
elapsed time: 111 seconds (0d 0h 1m 51s)

