#
# There is insufficient memory for the Java Runtime Environment to continue.
# Native memory allocation (mmap) failed to map 87556096 bytes for committing reserved memory.
# Possible reasons:
#   The system is out of physical RAM or swap space
#   In 32 bit mode, the process size limit was hit
# Possible solutions:
#   Reduce memory load on the system
#   Increase physical memory or swap space
#   Check if swap backing store is full
#   Use 64 bit Java on a 64 bit OS
#   Decrease Java heap size (-Xmx/-Xms)
#   Decrease number of Java threads
#   Decrease Java thread stack sizes (-Xss)
#   Set larger code cache with -XX:ReservedCodeCacheSize=
# This output file may be truncated or incomplete.
#
#  Out of Memory Error (os_linux.cpp:2627), pid=25587, tid=140596263085824
#
# JRE version: Java(TM) SE Runtime Environment (8.0_72-b15) (build 1.8.0_72-b15)
# Java VM: Java HotSpot(TM) 64-Bit Server VM (25.72-b15 mixed mode linux-amd64 compressed oops)
# Failed to write core dump. Core dumps have been disabled. To enable core dumping, try "ulimit -c unlimited" before starting Java again
#

---------------  T H R E A D  ---------------

Current thread (0x00007fdf3c078000):  VMThread [stack: 0x00007fdf1e416000,0x00007fdf1e517000] [id=25595]

Stack: [0x00007fdf1e416000,0x00007fdf1e517000],  sp=0x00007fdf1e515020,  free space=1020k
Native frames: (J=compiled Java code, j=interpreted, Vv=VM code, C=native code)
V  [libjvm.so+0xaba7ea]  VMError::report_and_die()+0x2ba
V  [libjvm.so+0x4f9e3b]  report_vm_out_of_memory(char const*, int, unsigned long, VMErrorType, char const*)+0x8b
V  [libjvm.so+0x91b613]  os::Linux::commit_memory_impl(char*, unsigned long, bool)+0x103
V  [libjvm.so+0x91bb69]  os::pd_commit_memory(char*, unsigned long, unsigned long, bool)+0x29
V  [libjvm.so+0x915e6a]  os::commit_memory(char*, unsigned long, unsigned long, bool)+0x2a
V  [libjvm.so+0x989543]  PSVirtualSpace::expand_by(unsigned long)+0x53
V  [libjvm.so+0x979e30]  PSOldGen::expand(unsigned long)+0x170
V  [libjvm.so+0x97a03b]  PSOldGen::resize(unsigned long)+0x1cb
V  [libjvm.so+0x981d11]  PSParallelCompact::invoke_no_policy(bool)+0x991
V  [libjvm.so+0x98766d]  PSScavenge::invoke()+0x1ad
V  [libjvm.so+0x93f300]  ParallelScavengeHeap::failed_mem_allocate(unsigned long)+0x70
V  [libjvm.so+0xabc207]  VM_ParallelGCFailedAllocation::doit()+0x97
V  [libjvm.so+0xac3c35]  VM_Operation::evaluate()+0x55
V  [libjvm.so+0xac200a]  VMThread::evaluate_operation(VM_Operation*)+0xba
V  [libjvm.so+0xac238e]  VMThread::loop()+0x1ce
V  [libjvm.so+0xac2800]  VMThread::run()+0x70
V  [libjvm.so+0x91d9d8]  java_start(Thread*)+0x108

VM_Operation (0x00007fdf42f04500): ParallelGCFailedAllocation, mode: safepoint, requested by thread 0x00007fdf3c00a000


---------------  P R O C E S S  ---------------

Java Threads: ( => current thread )
  0x00007fdf3ca88000 JavaThread "process reaper" daemon [_thread_blocked, id=25956, stack(0x00007fdee6a63000,0x00007fdee6a9c000)]
  0x00007fdf3c664000 JavaThread "resolver-5" daemon [_thread_blocked, id=25845, stack(0x00007fdee70c7000,0x00007fdee71c8000)]
  0x00007fdf3c712800 JavaThread "resolver-4" daemon [_thread_blocked, id=25779, stack(0x00007fdee72c9000,0x00007fdee73ca000)]
  0x00007fdf3c720800 JavaThread "resolver-3" daemon [_thread_blocked, id=25778, stack(0x00007fdf1c04e000,0x00007fdf1c14f000)]
  0x00007fdf3c732000 JavaThread "resolver-2" daemon [_thread_blocked, id=25775, stack(0x00007fdf1c151000,0x00007fdf1c252000)]
  0x00007fdf3c724000 JavaThread "resolver-1" daemon [_thread_blocked, id=25774, stack(0x00007fdee71c8000,0x00007fdee72c9000)]
  0x00007fdf3c5b0000 JavaThread "process reaper" daemon [_thread_blocked, id=25652, stack(0x00007fdf1c8d1000,0x00007fdf1c90a000)]
  0x00007fdf3c0f1800 JavaThread "Monitor Ctrl-Break" daemon [_thread_in_native, id=25606, stack(0x00007fdf1d229000,0x00007fdf1d32a000)]
  0x00007fdf3c0c1800 JavaThread "Service Thread" daemon [_thread_blocked, id=25602, stack(0x00007fdf1d62d000,0x00007fdf1d72e000)]
  0x00007fdf3c0be800 JavaThread "C1 CompilerThread2" daemon [_thread_blocked, id=25601, stack(0x00007fdf1d72e000,0x00007fdf1d82f000)]
  0x00007fdf3c0bc800 JavaThread "C2 CompilerThread1" daemon [_thread_blocked, id=25600, stack(0x00007fdf1d82f000,0x00007fdf1d930000)]
  0x00007fdf3c0b9800 JavaThread "C2 CompilerThread0" daemon [_thread_blocked, id=25599, stack(0x00007fdf1d930000,0x00007fdf1da31000)]
  0x00007fdf3c0b8000 JavaThread "Signal Dispatcher" daemon [_thread_blocked, id=25598, stack(0x00007fdf1da31000,0x00007fdf1db32000)]
  0x00007fdf3c084800 JavaThread "Finalizer" daemon [_thread_blocked, id=25597, stack(0x00007fdf1e214000,0x00007fdf1e315000)]
  0x00007fdf3c080000 JavaThread "Reference Handler" daemon [_thread_blocked, id=25596, stack(0x00007fdf1e315000,0x00007fdf1e416000)]
  0x00007fdf3c00a000 JavaThread "main" [_thread_blocked, id=25590, stack(0x00007fdf42e07000,0x00007fdf42f08000)]

Other Threads:
=>0x00007fdf3c078000 VMThread [stack: 0x00007fdf1e416000,0x00007fdf1e517000] [id=25595]
  0x00007fdf3c0c4800 WatcherThread [stack: 0x00007fdf1d52c000,0x00007fdf1d62d000] [id=25603]

VM state:at safepoint (normal execution)

VM Mutex/Monitor currently owned by a thread:  ([mutex/lock_event])
[0x00007fdf3c005f80] ExpandHeap_lock - owner thread: 0x00007fdf3c078000
[0x00007fdf3c006600] Threads_lock - owner thread: 0x00007fdf3c078000
[0x00007fdf3c006b00] Heap_lock - owner thread: 0x00007fdf3c00a000

Heap:
 PSYoungGen      total 635904K, used 0K [0x00000000d6f00000, 0x0000000100000000, 0x0000000100000000)
  eden space 626688K, 0% used [0x00000000d6f00000,0x00000000d6f00000,0x00000000fd300000)
  from space 9216K, 0% used [0x00000000fd300000,0x00000000fd300000,0x00000000fdc00000)
  to   space 25088K, 0% used [0x00000000fe780000,0x00000000fe780000,0x0000000100000000)
 ParOldGen       total 69632K, used 63715K [0x0000000084c00000, 0x0000000089000000, 0x00000000d6f00000)
  object space 69632K, 91% used [0x0000000084c00000,0x0000000088a38ca0,0x0000000089000000)
 Metaspace       used 22951K, capacity 23764K, committed 23808K, reserved 1071104K
  class space    used 2577K, capacity 2802K, committed 2816K, reserved 1048576K

Card table byte_map: [0x00007fdf2c64a000,0x00007fdf2ca25000] byte_map_base: 0x00007fdf2c224000

Marking Bits: (ParMarkBitMap*) 0x00007fdf422d7100
 Begin Bits: [0x00007fdf24260000, 0x00007fdf26130000)
 End Bits:   [0x00007fdf26130000, 0x00007fdf28000000)

Polling page: 0x00007fdf42f24000

CodeCache: size=245760Kb used=17032Kb max_used=17455Kb free=228727Kb
 bounds [0x00007fdf2cde5000, 0x00007fdf2df15000, 0x00007fdf3bde5000]
 total_blobs=4925 nmethods=4553 adapters=285
 compilation: enabled

Compilation events (10 events):
Event: 65.831 Thread 0x00007fdf3c0be800 5507       3       org.codehaus.plexus.components.io.resources.proxy.PlexusIoProxyResourceCollection::getDefaultFileSelector (42 bytes)
Event: 65.832 Thread 0x00007fdf3c0be800 nmethod 5507 0x00007fdf2d509bd0 code [0x00007fdf2d509d80, 0x00007fdf2d50a408]
Event: 66.258 Thread 0x00007fdf3c0be800 5508  s    3       java.util.Hashtable::contains (66 bytes)
Event: 66.259 Thread 0x00007fdf3c0be800 nmethod 5508 0x00007fdf2d0fb050 code [0x00007fdf2d0fb200, 0x00007fdf2d0fb898]
Event: 66.430 Thread 0x00007fdf3c0b9800 5509 %s    4       java.util.Hashtable::contains @ 20 (66 bytes)
Event: 66.464 Thread 0x00007fdf3c0b9800 nmethod 5509% 0x00007fdf2d1bb150 code [0x00007fdf2d1bb2c0, 0x00007fdf2d1bb818]
Event: 66.473 Thread 0x00007fdf3c0bc800 5510  s    4       java.util.Hashtable::contains (66 bytes)
Event: 66.489 Thread 0x00007fdf3c0bc800 nmethod 5510 0x00007fdf2d535610 code [0x00007fdf2d535780, 0x00007fdf2d535c98]
Event: 66.526 Thread 0x00007fdf3c0be800 5511       3       org.codehaus.plexus.archiver.zip.AbstractZipArchiver::addParentDirs (210 bytes)
Event: 66.537 Thread 0x00007fdf3c0be800 nmethod 5511 0x00007fdf2d9cf510 code [0x00007fdf2d9cf940, 0x00007fdf2d9d2d98]

GC Heap History (10 events):
Event: 37.071 GC heap after
Heap after GC invocations=16 (full 1):
 PSYoungGen      total 399360K, used 2176K [0x00000000d6f00000, 0x00000000f8400000, 0x0000000100000000)
  eden space 389632K, 0% used [0x00000000d6f00000,0x00000000d6f00000,0x00000000eeb80000)
  from space 9728K, 22% used [0x00000000eeb80000,0x00000000eeda0010,0x00000000ef500000)
  to   space 9728K, 0% used [0x00000000f7a80000,0x00000000f7a80000,0x00000000f8400000)
 ParOldGen       total 61952K, used 22805K [0x0000000084c00000, 0x0000000088880000, 0x00000000d6f00000)
  object space 61952K, 36% used [0x0000000084c00000,0x0000000086245790,0x0000000088880000)
 Metaspace       used 22770K, capacity 23636K, committed 23808K, reserved 1071104K
  class space    used 2571K, capacity 2802K, committed 2816K, reserved 1048576K
}
Event: 38.076 GC heap before
{Heap before GC invocations=17 (full 1):
 PSYoungGen      total 399360K, used 391808K [0x00000000d6f00000, 0x00000000f8400000, 0x0000000100000000)
  eden space 389632K, 100% used [0x00000000d6f00000,0x00000000eeb80000,0x00000000eeb80000)
  from space 9728K, 22% used [0x00000000eeb80000,0x00000000eeda0010,0x00000000ef500000)
  to   space 9728K, 0% used [0x00000000f7a80000,0x00000000f7a80000,0x00000000f8400000)
 ParOldGen       total 61952K, used 22805K [0x0000000084c00000, 0x0000000088880000, 0x00000000d6f00000)
  object space 61952K, 36% used [0x0000000084c00000,0x0000000086245790,0x0000000088880000)
 Metaspace       used 22776K, capacity 23636K, committed 23808K, reserved 1071104K
  class space    used 2571K, capacity 2802K, committed 2816K, reserved 1048576K
Event: 38.084 GC heap after
Heap after GC invocations=17 (full 1):
 PSYoungGen      total 524800K, used 2624K [0x00000000d6f00000, 0x00000000f7e80000, 0x0000000100000000)
  eden space 520704K, 0% used [0x00000000d6f00000,0x00000000d6f00000,0x00000000f6b80000)
  from space 4096K, 64% used [0x00000000f7a80000,0x00000000f7d10010,0x00000000f7e80000)
  to   space 9728K, 0% used [0x00000000f6b80000,0x00000000f6b80000,0x00000000f7500000)
 ParOldGen       total 61952K, used 24733K [0x0000000084c00000, 0x0000000088880000, 0x00000000d6f00000)
  object space 61952K, 39% used [0x0000000084c00000,0x0000000086427790,0x0000000088880000)
 Metaspace       used 22776K, capacity 23636K, committed 23808K, reserved 1071104K
  class space    used 2571K, capacity 2802K, committed 2816K, reserved 1048576K
}
Event: 39.359 GC heap before
{Heap before GC invocations=18 (full 1):
 PSYoungGen      total 524800K, used 523328K [0x00000000d6f00000, 0x00000000f7e80000, 0x0000000100000000)
  eden space 520704K, 100% used [0x00000000d6f00000,0x00000000f6b80000,0x00000000f6b80000)
  from space 4096K, 64% used [0x00000000f7a80000,0x00000000f7d10010,0x00000000f7e80000)
  to   space 9728K, 0% used [0x00000000f6b80000,0x00000000f6b80000,0x00000000f7500000)
 ParOldGen       total 61952K, used 24733K [0x0000000084c00000, 0x0000000088880000, 0x00000000d6f00000)
  object space 61952K, 39% used [0x0000000084c00000,0x0000000086427790,0x0000000088880000)
 Metaspace       used 22778K, capacity 23636K, committed 23808K, reserved 1071104K
  class space    used 2571K, capacity 2802K, committed 2816K, reserved 1048576K
Event: 39.367 GC heap after
Heap after GC invocations=18 (full 1):
 PSYoungGen      total 530432K, used 2496K [0x00000000d6f00000, 0x00000000fea00000, 0x0000000100000000)
  eden space 520704K, 0% used [0x00000000d6f00000,0x00000000d6f00000,0x00000000f6b80000)
  from space 9728K, 25% used [0x00000000f6b80000,0x00000000f6df0000,0x00000000f7500000)
  to   space 9728K, 0% used [0x00000000fe080000,0x00000000fe080000,0x00000000fea00000)
 ParOldGen       total 61952K, used 27061K [0x0000000084c00000, 0x0000000088880000, 0x00000000d6f00000)
  object space 61952K, 43% used [0x0000000084c00000,0x000000008666d7a0,0x0000000088880000)
 Metaspace       used 22778K, capacity 23636K, committed 23808K, reserved 1071104K
  class space    used 2571K, capacity 2802K, committed 2816K, reserved 1048576K
}
Event: 42.843 GC heap before
{Heap before GC invocations=19 (full 1):
 PSYoungGen      total 530432K, used 523200K [0x00000000d6f00000, 0x00000000fea00000, 0x0000000100000000)
  eden space 520704K, 100% used [0x00000000d6f00000,0x00000000f6b80000,0x00000000f6b80000)
  from space 9728K, 25% used [0x00000000f6b80000,0x00000000f6df0000,0x00000000f7500000)
  to   space 9728K, 0% used [0x00000000fe080000,0x00000000fe080000,0x00000000fea00000)
 ParOldGen       total 61952K, used 27061K [0x0000000084c00000, 0x0000000088880000, 0x00000000d6f00000)
  object space 61952K, 43% used [0x0000000084c00000,0x000000008666d7a0,0x0000000088880000)
 Metaspace       used 22818K, capacity 23636K, committed 23808K, reserved 1071104K
  class space    used 2574K, capacity 2802K, committed 2816K, reserved 1048576K
Event: 42.868 GC heap after
Heap after GC invocations=19 (full 1):
 PSYoungGen      total 631296K, used 3136K [0x00000000d6f00000, 0x00000000fe500000, 0x0000000100000000)
  eden space 626688K, 0% used [0x00000000d6f00000,0x00000000d6f00000,0x00000000fd300000)
  from space 4608K, 68% used [0x00000000fe080000,0x00000000fe390010,0x00000000fe500000)
  to   space 9216K, 0% used [0x00000000fd300000,0x00000000fd300000,0x00000000fdc00000)
 ParOldGen       total 61952K, used 29461K [0x0000000084c00000, 0x0000000088880000, 0x00000000d6f00000)
  object space 61952K, 47% used [0x0000000084c00000,0x00000000868c57a0,0x0000000088880000)
 Metaspace       used 22818K, capacity 23636K, committed 23808K, reserved 1071104K
  class space    used 2574K, capacity 2802K, committed 2816K, reserved 1048576K
}
Event: 76.175 GC heap before
{Heap before GC invocations=20 (full 1):
 PSYoungGen      total 631296K, used 629824K [0x00000000d6f00000, 0x00000000fe500000, 0x0000000100000000)
  eden space 626688K, 100% used [0x00000000d6f00000,0x00000000fd300000,0x00000000fd300000)
  from space 4608K, 68% used [0x00000000fe080000,0x00000000fe390010,0x00000000fe500000)
  to   space 9216K, 0% used [0x00000000fd300000,0x00000000fd300000,0x00000000fdc00000)
 ParOldGen       total 61952K, used 29461K [0x0000000084c00000, 0x0000000088880000, 0x00000000d6f00000)
  object space 61952K, 47% used [0x0000000084c00000,0x00000000868c57a0,0x0000000088880000)
 Metaspace       used 22951K, capacity 23764K, committed 23808K, reserved 1071104K
  class space    used 2577K, capacity 2802K, committed 2816K, reserved 1048576K
Event: 77.010 GC heap after
Heap after GC invocations=20 (full 1):
 PSYoungGen      total 635904K, used 9195K [0x00000000d6f00000, 0x0000000100000000, 0x0000000100000000)
  eden space 626688K, 0% used [0x00000000d6f00000,0x00000000d6f00000,0x00000000fd300000)
  from space 9216K, 99% used [0x00000000fd300000,0x00000000fdbfafb0,0x00000000fdc00000)
  to   space 25088K, 0% used [0x00000000fe780000,0x00000000fe780000,0x0000000100000000)
 ParOldGen       total 69632K, used 69265K [0x0000000084c00000, 0x0000000089000000, 0x00000000d6f00000)
  object space 69632K, 99% used [0x0000000084c00000,0x0000000088fa4420,0x0000000089000000)
 Metaspace       used 22951K, capacity 23764K, committed 23808K, reserved 1071104K
  class space    used 2577K, capacity 2802K, committed 2816K, reserved 1048576K
}
Event: 77.476 GC heap before
{Heap before GC invocations=21 (full 2):
 PSYoungGen      total 635904K, used 9195K [0x00000000d6f00000, 0x0000000100000000, 0x0000000100000000)
  eden space 626688K, 0% used [0x00000000d6f00000,0x00000000d6f00000,0x00000000fd300000)
  from space 9216K, 99% used [0x00000000fd300000,0x00000000fdbfafb0,0x00000000fdc00000)
  to   space 25088K, 0% used [0x00000000fe780000,0x00000000fe780000,0x0000000100000000)
 ParOldGen       total 69632K, used 69265K [0x0000000084c00000, 0x0000000089000000, 0x00000000d6f00000)
  object space 69632K, 99% used [0x0000000084c00000,0x0000000088fa4420,0x0000000089000000)
 Metaspace       used 22951K, capacity 23764K, committed 23808K, reserved 1071104K
  class space    used 2577K, capacity 2802K, committed 2816K, reserved 1048576K

Deoptimization events (10 events):
Event: 42.980 Thread 0x00007fdf3c00a000 Uncommon trap: reason=class_check action=maybe_recompile pc=0x00007fdf2d918cd0 method=org.apache.maven.plugin.assembly.filter.ComponentsXmlArchiverFileFilter.isSelected(Lorg/codehaus/plexus/components/io/fileselectors/FileInfo;)Z @ 1
Event: 42.980 Thread 0x00007fdf3c00a000 Uncommon trap: reason=class_check action=maybe_recompile pc=0x00007fdf2d921228 method=org.codehaus.plexus.archiver.filters.JarSecurityFileSelector.isSelected(Lorg/codehaus/plexus/components/io/fileselectors/FileInfo;)Z @ 1
Event: 42.980 Thread 0x00007fdf3c00a000 Uncommon trap: reason=class_check action=maybe_recompile pc=0x00007fdf2d918cd0 method=org.apache.maven.plugin.assembly.filter.ComponentsXmlArchiverFileFilter.isSelected(Lorg/codehaus/plexus/components/io/fileselectors/FileInfo;)Z @ 1
Event: 42.980 Thread 0x00007fdf3c00a000 Uncommon trap: reason=class_check action=maybe_recompile pc=0x00007fdf2d921228 method=org.codehaus.plexus.archiver.filters.JarSecurityFileSelector.isSelected(Lorg/codehaus/plexus/components/io/fileselectors/FileInfo;)Z @ 1
Event: 42.981 Thread 0x00007fdf3c00a000 Uncommon trap: reason=class_check action=maybe_recompile pc=0x00007fdf2d91ed54 method=org.codehaus.plexus.archiver.filters.JarSecurityFileSelector.isSelected(Lorg/codehaus/plexus/components/io/fileselectors/FileInfo;)Z @ 1
Event: 51.321 Thread 0x00007fdf3c00a000 Uncommon trap: reason=unstable_if action=reinterpret pc=0x00007fdf2defead8 method=java.net.URL.<init>(Ljava/net/URL;Ljava/lang/String;Ljava/net/URLStreamHandler;)V @ 156
Event: 61.690 Thread 0x00007fdf3c00a000 Uncommon trap: reason=unstable_if action=reinterpret pc=0x00007fdf2dec5a00 method=java.io.ExpiringCache.entryFor(Ljava/lang/String;)Ljava/io/ExpiringCache$Entry; @ 39
Event: 63.218 Thread 0x00007fdf3c00a000 Uncommon trap: reason=unstable_if action=reinterpret pc=0x00007fdf2d987d38 method=org.codehaus.plexus.archiver.jar.JarArchiver.zipFile(Ljava/io/InputStream;Lorg/codehaus/plexus/archiver/zip/ZipOutputStream;Ljava/lang/String;JLjava/io/File;I)V @ 39
Event: 66.257 Thread 0x00007fdf3c00a000 Uncommon trap: reason=unstable_if action=reinterpret pc=0x00007fdf2de388b4 method=java.util.Hashtable.contains(Ljava/lang/Object;)Z @ 24
Event: 66.257 Thread 0x00007fdf3c00a000 Uncommon trap: reason=unstable_if action=reinterpret pc=0x00007fdf2def7d4c method=java.util.Hashtable.contains(Ljava/lang/Object;)Z @ 24

Internal exceptions (10 events):
Event: 19.552 Thread 0x00007fdee002a800 Exception <a 'java/net/SocketTimeoutException': Read timed out> (0x00000000dba3f708) thrown at [/HUDSON/workspace/8-2-build-linux-amd64/jdk8u72/5732/hotspot/src/share/vm/prims/jni.cpp, line 735]
Event: 19.589 Thread 0x00007fdee002a800 Exception <a 'java/net/SocketTimeoutException': Read timed out> (0x00000000dba4b4b8) thrown at [/HUDSON/workspace/8-2-build-linux-amd64/jdk8u72/5732/hotspot/src/share/vm/prims/jni.cpp, line 735]
Event: 23.329 Thread 0x00007fdf3c00a000 Exception <a 'java/lang/NoClassDefFoundError': org/slf4j/Logger> (0x00000000dd98abb8) thrown at [/HUDSON/workspace/8-2-build-linux-amd64/jdk8u72/5732/hotspot/src/share/vm/oops/constantPool.cpp, line 235]
Event: 26.107 Thread 0x00007fdf3c00a000 Implicit null exception at 0x00007fdf2dbbadf6 to 0x00007fdf2dbbaff5
Event: 26.138 Thread 0x00007fdf3c00a000 Exception <a 'java/lang/NoClassDefFoundError': org/slf4j/Logger> (0x00000000d8f2d368) thrown at [/HUDSON/workspace/8-2-build-linux-amd64/jdk8u72/5732/hotspot/src/share/vm/oops/constantPool.cpp, line 235]
Event: 30.179 Thread 0x00007fdecc002000 Exception <a 'java/net/SocketTimeoutException': Read timed out> (0x00000000dd802138) thrown at [/HUDSON/workspace/8-2-build-linux-amd64/jdk8u72/5732/hotspot/src/share/vm/prims/jni.cpp, line 735]
Event: 30.189 Thread 0x00007fded8007800 Exception <a 'java/net/SocketTimeoutException': Read timed out> (0x00000000dd964178) thrown at [/HUDSON/workspace/8-2-build-linux-amd64/jdk8u72/5732/hotspot/src/share/vm/prims/jni.cpp, line 735]
Event: 30.232 Thread 0x00007fded8007800 Exception <a 'java/net/SocketTimeoutException': Read timed out> (0x00000000dd96fe08) thrown at [/HUDSON/workspace/8-2-build-linux-amd64/jdk8u72/5732/hotspot/src/share/vm/prims/jni.cpp, line 735]
Event: 30.243 Thread 0x00007fdecc002000 Exception <a 'java/net/SocketTimeoutException': Read timed out> (0x00000000dd80e548) thrown at [/HUDSON/workspace/8-2-build-linux-amd64/jdk8u72/5732/hotspot/src/share/vm/prims/jni.cpp, line 735]
Event: 32.047 Thread 0x00007fdf3c00a000 Implicit null exception at 0x00007fdf2da83f4b to 0x00007fdf2da89614

Events (10 events):
Event: 66.257 Executing VM operation: RevokeBias
Event: 66.257 Executing VM operation: RevokeBias done
Event: 66.257 Thread 0x00007fdf3c00a000 DEOPT PACKING pc=0x00007fdf2de388b4 sp=0x00007fdf42f04ae0
Event: 66.257 Thread 0x00007fdf3c00a000 DEOPT UNPACKING pc=0x00007fdf2cdea229 sp=0x00007fdf42f04a68 mode 2
Event: 66.257 Thread 0x00007fdf3c00a000 Uncommon trap: trap_request=0xffffff65 fr.pc=0x00007fdf2def7d4c
Event: 66.257 Thread 0x00007fdf3c00a000 DEOPT PACKING pc=0x00007fdf2def7d4c sp=0x00007fdf42f04aa0
Event: 66.257 Thread 0x00007fdf3c00a000 DEOPT UNPACKING pc=0x00007fdf2cdea229 sp=0x00007fdf42f04a60 mode 2
Event: 66.473 Thread 0x00007fdf3c00a000 DEOPT PACKING pc=0x00007fdf2d0fb700 sp=0x00007fdf42f04a80
Event: 66.473 Thread 0x00007fdf3c00a000 DEOPT UNPACKING pc=0x00007fdf2ce2c633 sp=0x00007fdf42f047d8 mode 0
Event: 76.102 Executing VM operation: ParallelGCFailedAllocation


Dynamic libraries:
00400000-00401000 r-xp 00000000 08:09 3810816                            /usr/lib/jvm/java-8-oracle/bin/java
00600000-00601000 rw-p 00000000 08:09 3810816                            /usr/lib/jvm/java-8-oracle/bin/java
00f86000-00fa7000 rw-p 00000000 00:00 0                                  [heap]
84c00000-89000000 rw-p 00000000 00:00 0 
8e380000-d6f00000 ---p 00000000 00:00 0 
d6f00000-100000000 rw-p 00000000 00:00 0 
100000000-1002c0000 rw-p 00000000 00:00 0 
1002c0000-140000000 ---p 00000000 00:00 0 
7fdec4000000-7fdec4021000 rw-p 00000000 00:00 0 
7fdec4021000-7fdec8000000 ---p 00000000 00:00 0 
7fdec8000000-7fdec8021000 rw-p 00000000 00:00 0 
7fdec8021000-7fdecc000000 ---p 00000000 00:00 0 
7fdecc000000-7fdecc021000 rw-p 00000000 00:00 0 
7fdecc021000-7fded0000000 ---p 00000000 00:00 0 
7fded0000000-7fded0021000 rw-p 00000000 00:00 0 
7fded0021000-7fded4000000 ---p 00000000 00:00 0 
7fded4000000-7fded4021000 rw-p 00000000 00:00 0 
7fded4021000-7fded8000000 ---p 00000000 00:00 0 
7fded8000000-7fded8021000 rw-p 00000000 00:00 0 
7fded8021000-7fdedc000000 ---p 00000000 00:00 0 
7fdedc000000-7fdedc021000 rw-p 00000000 00:00 0 
7fdedc021000-7fdee0000000 ---p 00000000 00:00 0 
7fdee0000000-7fdee003e000 rw-p 00000000 00:00 0 
7fdee003e000-7fdee4000000 ---p 00000000 00:00 0 
7fdee68dd000-7fdee68fb000 r--s 001bd000 08:09 4478460                    /home/marmik2621/.m2/repository/org/apache/ant/ant/1.8.4/ant-1.8.4.jar
7fdee68fb000-7fdee6905000 r--s 00075000 08:09 1837456                    /home/marmik2621/.m2/repository/org/apache/xmlgraphics/xmlgraphics-commons/1.3.1/xmlgraphics-commons-1.3.1.jar
7fdee6906000-7fdee6927000 r--s 0015a000 08:09 1837486                    /home/marmik2621/.m2/repository/bouncycastle/bcprov-jdk14/138/bcprov-jdk14-138.jar
7fdee6935000-7fdee6936000 rw-p 00000000 00:00 0 
7fdee6936000-7fdee693f000 r--s 00061000 08:09 550253                     /home/marmik2621/.m2/repository/org/apache/httpcomponents/httpclient/4.2.5/httpclient-4.2.5.jar
7fdee693f000-7fdee6942000 r--s 00020000 08:09 1597228                    /home/marmik2621/.m2/repository/vigna/dsi/unimi/it/jal/20031117/jal-20031117.jar
7fdee6942000-7fdee6944000 r--s 00007000 08:09 3828332                    /home/marmik2621/.m2/repository/org/objenesis/objenesis/1.2/objenesis-1.2.jar
7fdee6944000-7fdee6946000 r--s 00000000 08:09 3828330                    /home/marmik2621/.m2/repository/com/esotericsoftware/minlog/minlog/1.2/minlog-1.2.jar
7fdee6946000-7fdee6948000 r--s 0000a000 08:09 3569037                    /home/marmik2621/.m2/repository/org/ow2/asm/asm/4.0/asm-4.0.jar
7fdee6948000-7fdee694e000 r--s 00053000 08:09 3828327                    /home/marmik2621/.m2/repository/com/esotericsoftware/kryo/kryo/2.21/kryo-2.21.jar
7fdee694e000-7fdee6954000 r--s 00045000 08:09 3952470                    /home/marmik2621/.m2/repository/commons-httpclient/commons-httpclient/3.1/commons-httpclient-3.1.jar
7fdee6954000-7fdee695e000 r--s 000f1000 08:09 686539                     /home/marmik2621/.m2/repository/com/nativelibs4java/bridj/0.7-20140918/bridj-0.7-20140918.jar
7fdee695e000-7fdee6960000 r--s 0000f000 08:09 3828328                    /home/marmik2621/.m2/repository/com/esotericsoftware/reflectasm/reflectasm/1.07/reflectasm-1.07-shaded.jar
7fdee6960000-7fdee6962000 r--s 00006000 08:09 3952652                    /home/marmik2621/.m2/repository/commons-codec/commons-codec/1.2/commons-codec-1.2.jar
7fdee6962000-7fdee6964000 r--s 00005000 08:09 1597195                    /home/marmik2621/.m2/repository/regexp/regexp/1.3/regexp-1.3.jar
7fdee6964000-7fdee6966000 r--s 00008000 08:09 1597193                    /home/marmik2621/.m2/repository/org/apache/maven/scm/maven-scm-provider-svn-commons/1.4/maven-scm-provider-svn-commons-1.4.jar
7fdee6966000-7fdee696b000 r--s 00039000 08:09 5264907                    /home/marmik2621/.m2/repository/org/codehaus/plexus/plexus-utils/1.5.6/plexus-utils-1.5.6.jar
7fdee696b000-7fdee696f000 r--s 00014000 08:09 5266317                    /home/marmik2621/.m2/repository/org/apache/maven/scm/maven-scm-api/1.4/maven-scm-api-1.4.jar
7fdee696f000-7fdee6976000 r--s 00028000 08:09 1597190                    /home/marmik2621/.m2/repository/concurrent/concurrent/1.3.4/concurrent-1.3.4.jar
7fdee6976000-7fdee6984000 r--s 00081000 08:09 1597188                    /home/marmik2621/.m2/repository/colt/colt/1.2.0/colt-1.2.0.jar
7fdee6984000-7fdee698d000 r--s 0005d000 08:09 3952636                    /home/marmik2621/.m2/repository/org/apache/commons/commons-vfs2/2.0/commons-vfs2-2.0.jar
7fdee698d000-7fdee698e000 r--s 00004000 08:09 4742687                    /home/marmik2621/.m2/repository/org/apache/ant/ant-launcher/1.8.4/ant-launcher-1.8.4.jar
7fdee698e000-7fdee6990000 r--s 0000d000 08:09 5391958                    /home/marmik2621/.m2/repository/commons-logging/commons-logging/1.1.1/commons-logging-1.1.1.jar
7fdee6990000-7fdee69b7000 r--s 00241000 08:09 1597187                    /home/marmik2621/.m2/repository/net/sf/trove4j/trove4j/3.0.2/trove4j-3.0.2.jar
7fdee69b7000-7fdee69bd000 r--s 0003e000 08:09 1597185                    /home/marmik2621/.m2/repository/org/jsoup/jsoup/1.6.3/jsoup-1.6.3.jar
7fdee69bd000-7fdee69c6000 r--s 0006f000 08:09 3952474                    /home/marmik2621/.m2/repository/log4j/log4j/1.2.17/log4j-1.2.17.jar
7fdee69c6000-7fdee69cf000 r--s 00095000 08:09 1597181                    /home/marmik2621/.m2/repository/javassist/javassist/3.12.1.GA/javassist-3.12.1.GA.jar
7fdee69cf000-7fdee69d2000 r--s 00010000 08:09 1597183                    /home/marmik2621/.m2/repository/org/jbibtex/jbibtex/1.0.2/jbibtex-1.0.2.jar
7fdee69d2000-7fdee69d4000 r--s 00002000 08:09 1597179                    /home/marmik2621/.m2/repository/org/openimaj/core-aop-support/1.3.5/core-aop-support-1.3.5.jar
7fdee69d4000-7fdee69d5000 r--s 00006000 08:09 1597177                    /home/marmik2621/.m2/repository/org/openimaj/core-citation/1.3.5/core-citation-1.3.5.jar
7fdee69d5000-7fdee69e6000 r--s 000aa000 08:09 549459                     /home/marmik2621/.m2/repository/org/openimaj/core/1.3.5/core-1.3.5.jar
7fdee69e6000-7fdee69e8000 r--s 00096000 08:09 5145675                    /home/marmik2621/.m2/repository/org/openimaj/klt-tracker/1.3.5/klt-tracker-1.3.5.jar
7fdee69e8000-7fdee69ed000 r--s 00040000 08:09 3952505                    /home/marmik2621/.m2/repository/commons-lang/commons-lang/2.5/commons-lang-2.5.jar
7fdee69ed000-7fdee69ef000 r--s 00100000 08:09 3696069                    /home/marmik2621/.m2/repository/org/xerial/snappy/snappy-java/1.1.2.6/snappy-java-1.1.2.6.jar
7fdee69ef000-7fdee69f1000 r--s 00038000 08:09 4606596                    /home/marmik2621/.m2/repository/net/jpountz/lz4/lz4/1.3.0/lz4-1.3.0.jar
7fdee69f1000-7fdee69ff000 r--s 000a9000 08:09 3031419                    /home/marmik2621/.m2/repository/org/apache/kafka/kafka-clients/0.10.0.1/kafka-clients-0.10.0.1.jar
7fdee69ff000-7fdee6a28000 r--s 001ee000 08:09 4606579                    /home/marmik2621/.m2/repository/com/google/guava/guava/14.0.1/guava-14.0.1.jar
7fdee6a28000-7fdee6a40000 r--s 00110000 08:09 4742689                    /home/marmik2621/.m2/repository/io/netty/netty/3.7.0.Final/netty-3.7.0.Final.jar
7fdee6a40000-7fdee6a42000 r--s 00014000 08:09 4478290                    /home/marmik2621/.m2/repository/jline/jline/0.9.94/jline-0.9.94.jar
7fdee6a42000-7fdee6a48000 r--s 0002a000 08:09 5021929                    /home/marmik2621/.m2/repository/org/apache/curator/curator-framework/2.10.0/curator-framework-2.10.0.jar
7fdee6a48000-7fdee6a54000 r--s 000b6000 08:09 4095515                    /home/marmik2621/.m2/repository/org/apache/zookeeper/zookeeper/3.4.6/zookeeper-3.4.6.jar
7fdee6a54000-7fdee6a55000 r--s 00003000 08:09 3696297                    /home/marmik2621/.m2/repository/com/googlecode/json-simple/json-simple/1.1/json-simple-1.1.jar
7fdee6a55000-7fdee6a58000 r--s 0000f000 08:09 1347305                    /home/marmik2621/.m2/repository/org/apache/maven/scm/maven-scm-provider-svnexe/1.4/maven-scm-provider-svnexe-1.4.jar
7fdee6a58000-7fdee6a5a000 r--s 00009000 08:09 3829969                    /home/marmik2621/.m2/repository/org/slf4j/slf4j-api/1.7.21/slf4j-api-1.7.21.jar
7fdee6a5a000-7fdee6a5c000 r--s 00010000 08:09 5021930                    /home/marmik2621/.m2/repository/org/apache/curator/curator-client/2.10.0/curator-client-2.10.0.jar
7fdee6a5c000-7fdee6a60000 r--s 0002f000 08:09 4886829                    /home/marmik2621/.m2/repository/commons-io/commons-io/2.5/commons-io-2.5.jar
7fdee6a60000-7fdee6a63000 r--s 00016000 08:09 4886828                    /home/marmik2621/.m2/repository/org/apache/storm/storm-kafka/1.0.2/storm-kafka-1.0.2.jar
7fdee6a63000-7fdee6a66000 ---p 00000000 00:00 0 
7fdee6a66000-7fdee6b1c000 rw-p 00000000 00:00 0                          [stack:25956]
7fdee6b1c000-7fdee6c9c000 ---p 00000000 00:00 0 
7fdee6c9c000-7fdee6c9d000 r--s 00005000 08:09 1083986                    /home/marmik2621/.m2/repository/org/apache/maven/shared/maven-repository-builder/1.0-alpha-2/maven-repository-builder-1.0-alpha-2.jar
7fdee6c9d000-7fdee6c9e000 r--s 00004000 08:09 1083977                    /home/marmik2621/.m2/repository/org/apache/maven/maven-archiver/2.4/maven-archiver-2.4.jar
7fdee6c9e000-7fdee6ca0000 r--s 0000a000 08:09 805250                     /home/marmik2621/.m2/repository/org/codehaus/plexus/plexus-io/1.0-alpha-4/plexus-io-1.0-alpha-4.jar
7fdee6ca0000-7fdee6ca2000 r--s 00004000 08:09 951655                     /home/marmik2621/.m2/repository/org/codehaus/plexus/plexus-active-collections/1.0-beta-2/plexus-active-collections-1.0-beta-2.jar
7fdee6ca2000-7fdee6ca4000 r--s 00007000 08:09 5144697                    /home/marmik2621/.m2/repository/org/apache/maven/shared/maven-filtering/1.0-beta-2/maven-filtering-1.0-beta-2.jar
7fdee6ca4000-7fdee6ca6000 r--s 00008000 08:09 951643                     /home/marmik2621/.m2/repository/org/apache/maven/shared/maven-shared-io/1.1/maven-shared-io-1.1.jar
7fdee6ca6000-7fdee6ca8000 r--s 00006000 08:09 805251                     /home/marmik2621/.m2/repository/org/apache/maven/shared/file-management/1.1/file-management-1.1.jar
7fdee6ca8000-7fdee6cac000 r--s 00028000 08:09 805247                     /home/marmik2621/.m2/repository/org/codehaus/plexus/plexus-archiver/1.0-alpha-12/plexus-archiver-1.0-alpha-12.jar
7fdee6cac000-7fdee6cae000 r--s 0000b000 08:09 805249                     /home/marmik2621/.m2/repository/org/codehaus/plexus/plexus-interpolation/1.7/plexus-interpolation-1.7.jar
7fdee6cae000-7fdee6caf000 r--s 00007000 08:09 685690                     /home/marmik2621/.m2/repository/org/apache/maven/shared/maven-plugin-testing-harness/1.1/maven-plugin-testing-harness-1.1.jar
7fdee6caf000-7fdee6cb1000 r--s 00006000 08:09 5391386                    /home/marmik2621/.m2/repository/org/apache/maven/shared/maven-common-artifact-filters/1.1/maven-common-artifact-filters-1.1.jar
7fdee6cb1000-7fdee6cb5000 r--s 0002f000 08:09 5022114                    /home/marmik2621/.m2/repository/org/apache/maven/plugins/maven-assembly-plugin/2.2-beta-5/maven-assembly-plugin-2.2-beta-5.jar
7fdee6cb5000-7fdee6cb9000 r--s 00034000 08:09 5144427                    /home/marmik2621/.m2/repository/org/codehaus/plexus/plexus-utils/3.0/plexus-utils-3.0.jar
7fdee6cb9000-7fdee6cbd000 r--s 0002f000 08:09 4095195                    /home/marmik2621/.m2/repository/commons-lang/commons-lang/2.1/commons-lang-2.1.jar
7fdee6cbd000-7fdee6cc0000 r--s 0000c000 08:09 5144426                    /home/marmik2621/.m2/repository/org/codehaus/plexus/plexus-io/2.0.1/plexus-io-2.0.1.jar
7fdee6cc0000-7fdee6cc4000 r--s 00028000 08:09 5144428                    /home/marmik2621/.m2/repository/org/codehaus/plexus/plexus-archiver/2.0.1/plexus-archiver-2.0.1.jar
7fdee6cc4000-7fdee6cc5000 r--s 00004000 08:09 5144429                    /home/marmik2621/.m2/repository/org/apache/maven/maven-archiver/2.4.2/maven-archiver-2.4.2.jar
7fdee6cc5000-7fdee6ec5000 rw-p 00000000 00:00 0 
7fdee6ec5000-7fdee6ec8000 ---p 00000000 00:00 0 
7fdee6ec8000-7fdee6fc6000 rw-p 00000000 00:00 0 
7fdee6fc6000-7fdee6fc9000 ---p 00000000 00:00 0 
7fdee6fc9000-7fdee70c7000 rw-p 00000000 00:00 0 
7fdee70c7000-7fdee70ca000 ---p 00000000 00:00 0 
7fdee70ca000-7fdee71c8000 rw-p 00000000 00:00 0                          [stack:25845]
7fdee71c8000-7fdee71cb000 ---p 00000000 00:00 0 
7fdee71cb000-7fdee72c9000 rw-p 00000000 00:00 0                          [stack:25774]
7fdee72c9000-7fdee72cc000 ---p 00000000 00:00 0 
7fdee72cc000-7fdee75ca000 rw-p 00000000 00:00 0                          [stack:25779]
7fdee75ca000-7fdee77ca000 rw-p 00000000 00:00 0 
7fdee77ca000-7fdee77db000 r-xp 00000000 08:09 3810728                    /usr/lib/jvm/java-8-oracle/jre/lib/amd64/libnio.so
7fdee77db000-7fdee79da000 ---p 00011000 08:09 3810728                    /usr/lib/jvm/java-8-oracle/jre/lib/amd64/libnio.so
7fdee79da000-7fdee79db000 rw-p 00010000 08:09 3810728                    /usr/lib/jvm/java-8-oracle/jre/lib/amd64/libnio.so
7fdee79db000-7fdee79f2000 r-xp 00000000 08:09 3543600                    /lib/x86_64-linux-gnu/libresolv-2.21.so
7fdee79f2000-7fdee7bf2000 ---p 00017000 08:09 3543600                    /lib/x86_64-linux-gnu/libresolv-2.21.so
7fdee7bf2000-7fdee7bf4000 r--p 00017000 08:09 3543600                    /lib/x86_64-linux-gnu/libresolv-2.21.so
7fdee7bf4000-7fdee7bf5000 rw-p 00019000 08:09 3543600                    /lib/x86_64-linux-gnu/libresolv-2.21.so
7fdee7bf5000-7fdee7bf7000 rw-p 00000000 00:00 0 
7fdee7bf7000-7fdee7bfc000 r-xp 00000000 08:09 3543545                    /lib/x86_64-linux-gnu/libnss_dns-2.21.so
7fdee7bfc000-7fdee7dfb000 ---p 00005000 08:09 3543545                    /lib/x86_64-linux-gnu/libnss_dns-2.21.so
7fdee7dfb000-7fdee7dfc000 r--p 00004000 08:09 3543545                    /lib/x86_64-linux-gnu/libnss_dns-2.21.so
7fdee7dfc000-7fdee7dfd000 rw-p 00005000 08:09 3543545                    /lib/x86_64-linux-gnu/libnss_dns-2.21.so
7fdee7dfd000-7fdee7dff000 r-xp 00000000 08:09 3543553                    /lib/x86_64-linux-gnu/libnss_mdns4_minimal.so.2
7fdee7dff000-7fdee7ffe000 ---p 00002000 08:09 3543553                    /lib/x86_64-linux-gnu/libnss_mdns4_minimal.so.2
7fdee7ffe000-7fdee7fff000 r--p 00001000 08:09 3543553                    /lib/x86_64-linux-gnu/libnss_mdns4_minimal.so.2
7fdee7fff000-7fdee8000000 rw-p 00002000 08:09 3543553                    /lib/x86_64-linux-gnu/libnss_mdns4_minimal.so.2
7fdee8000000-7fdee8021000 rw-p 00000000 00:00 0 
7fdee8021000-7fdeec000000 ---p 00000000 00:00 0 
7fdeec000000-7fdeec029000 rw-p 00000000 00:00 0 
7fdeec029000-7fdef0000000 ---p 00000000 00:00 0 
7fdef0000000-7fdef0021000 rw-p 00000000 00:00 0 
7fdef0021000-7fdef4000000 ---p 00000000 00:00 0 
7fdef4000000-7fdef4021000 rw-p 00000000 00:00 0 
7fdef4021000-7fdef8000000 ---p 00000000 00:00 0 
7fdef8000000-7fdef9327000 rw-p 00000000 00:00 0 
7fdef9327000-7fdefc000000 ---p 00000000 00:00 0 
7fdefc000000-7fdefcd94000 rw-p 00000000 00:00 0 
7fdefcd94000-7fdf00000000 ---p 00000000 00:00 0 
7fdf00000000-7fdf00021000 rw-p 00000000 00:00 0 
7fdf00021000-7fdf04000000 ---p 00000000 00:00 0 
7fdf04000000-7fdf057cd000 rw-p 00000000 00:00 0 
7fdf057cd000-7fdf08000000 ---p 00000000 00:00 0 
7fdf08000000-7fdf08021000 rw-p 00000000 00:00 0 
7fdf08021000-7fdf0c000000 ---p 00000000 00:00 0 
7fdf0c000000-7fdf0c021000 rw-p 00000000 00:00 0 
7fdf0c021000-7fdf10000000 ---p 00000000 00:00 0 
7fdf10000000-7fdf10021000 rw-p 00000000 00:00 0 
7fdf10021000-7fdf14000000 ---p 00000000 00:00 0 
7fdf14000000-7fdf1431c000 rw-p 00000000 00:00 0 
7fdf1431c000-7fdf18000000 ---p 00000000 00:00 0 
7fdf18000000-7fdf18021000 rw-p 00000000 00:00 0 
7fdf18021000-7fdf1c000000 ---p 00000000 00:00 0 
7fdf1c000000-7fdf1c001000 r--s 00007000 08:09 5144405                    /home/marmik2621/.m2/repository/org/apache/maven/plugins/maven-jar-plugin/2.3.2/maven-jar-plugin-2.3.2.jar
7fdf1c001000-7fdf1c002000 r--s 00002000 08:09 5264857                    /home/marmik2621/.m2/repository/org/apache/maven/reporting/maven-reporting-api/2.0.9/maven-reporting-api-2.0.9.jar
7fdf1c002000-7fdf1c005000 r--s 00034000 08:09 5264854                    /home/marmik2621/.m2/repository/org/codehaus/plexus/plexus-utils/2.1/plexus-utils-2.1.jar
7fdf1c005000-7fdf1c007000 r--s 00006000 08:09 5264855                    /home/marmik2621/.m2/repository/org/apache/maven/shared/maven-common-artifact-filters/1.3/maven-common-artifact-filters-1.3.jar
7fdf1c007000-7fdf1c009000 r--s 0000d000 08:09 5264853                    /home/marmik2621/.m2/repository/org/apache/maven/surefire/maven-surefire-common/2.10/maven-surefire-common-2.10.jar
7fdf1c009000-7fdf1c00e000 r--s 00023000 08:09 5264852                    /home/marmik2621/.m2/repository/org/apache/maven/surefire/surefire-api/2.10/surefire-api-2.10.jar
7fdf1c00e000-7fdf1c010000 r--s 00007000 08:09 5264851                    /home/marmik2621/.m2/repository/org/apache/maven/surefire/surefire-booter/2.10/surefire-booter-2.10.jar
7fdf1c010000-7fdf1c012000 r--s 00006000 08:09 5264745                    /home/marmik2621/.m2/repository/org/apache/maven/plugins/maven-surefire-plugin/2.10/maven-surefire-plugin-2.10.jar
7fdf1c012000-7fdf1c014000 r--s 00006000 08:09 5266332                    /home/marmik2621/.m2/repository/org/apache/maven/shared/maven-invoker/2.0.11/maven-invoker-2.0.11.jar
7fdf1c014000-7fdf1c01f000 r--s 0007a000 08:09 4226999                    /home/marmik2621/.m2/repository/org/codehaus/jackson/jackson-mapper-asl/1.6.1/jackson-mapper-asl-1.6.1.jar
7fdf1c01f000-7fdf1c023000 r--s 0002e000 08:09 4226998                    /home/marmik2621/.m2/repository/org/codehaus/jackson/jackson-core-asl/1.6.1/jackson-core-asl-1.6.1.jar
7fdf1c023000-7fdf1c025000 r--s 00002000 08:09 5145697                    /home/marmik2621/.m2/repository/org/apache/maven/doxia/doxia-sink-api/1.1.2/doxia-sink-api-1.1.2.jar
7fdf1c025000-7fdf1c029000 r--s 00033000 08:09 1083979                    /home/marmik2621/.m2/repository/org/codehaus/plexus/plexus-utils/2.0.1/plexus-utils-2.0.1.jar
7fdf1c029000-7fdf1c02f000 r--s 00030000 08:09 3569105                    /home/marmik2621/.m2/repository/org/yaml/snakeyaml/1.4/snakeyaml-1.4.jar
7fdf1c02f000-7fdf1c032000 r--s 0000a000 08:09 4226997                    /home/marmik2621/.m2/repository/org/apache/commons/commons-exec/1.0.1/commons-exec-1.0.1.jar
7fdf1c032000-7fdf1c034000 r--s 00007000 08:09 5145696                    /home/marmik2621/.m2/repository/org/apache/maven/shared/maven-dependency-tree/1.2/maven-dependency-tree-1.2.jar
7fdf1c034000-7fdf1c036000 r--s 00002000 08:09 3828358                    /home/marmik2621/.m2/repository/org/sonatype/plexus/plexus-cipher/1.4/plexus-cipher-1.4.jar
7fdf1c036000-7fdf1c037000 r--s 00006000 08:09 3695870                    /home/marmik2621/.m2/repository/org/sonatype/plexus/plexus-sec-dispatcher/1.3/plexus-sec-dispatcher-1.3.jar
7fdf1c037000-7fdf1c039000 r--s 00009000 08:09 3952458                    /home/marmik2621/.m2/repository/commons-cli/commons-cli/1.2/commons-cli-1.2.jar
7fdf1c039000-7fdf1c03b000 r--s 00003000 08:09 4607940                    /home/marmik2621/.m2/repository/org/slf4j/jcl-over-slf4j/1.5.6/jcl-over-slf4j-1.5.6.jar
7fdf1c03b000-7fdf1c03d000 r--s 00004000 08:09 4479327                    /home/marmik2621/.m2/repository/org/slf4j/slf4j-api/1.5.6/slf4j-api-1.5.6.jar
7fdf1c03d000-7fdf1c03f000 r--s 00001000 08:09 3829323                    /home/marmik2621/.m2/repository/org/slf4j/slf4j-jdk14/1.5.6/slf4j-jdk14-1.5.6.jar
7fdf1c03f000-7fdf1c040000 r--s 00002000 08:09 5145455                    /home/marmik2621/.m2/repository/org/apache/maven/doxia/doxia-logging-api/1.1/doxia-logging-api-1.1.jar
7fdf1c040000-7fdf1c041000 r--s 00002000 08:09 5022900                    /home/marmik2621/.m2/repository/org/apache/maven/reporting/maven-reporting-api/2.2.1/maven-reporting-api-2.2.1.jar
7fdf1c041000-7fdf1c043000 r--s 0000b000 08:09 5145423                    /home/marmik2621/.m2/repository/org/codehaus/plexus/plexus-interpolation/1.11/plexus-interpolation-1.11.jar
7fdf1c043000-7fdf1c04b000 r--s 00049000 08:09 4479324                    /home/marmik2621/.m2/repository/backport-util-concurrent/backport-util-concurrent/3.1/backport-util-concurrent-3.1.jar
7fdf1c04b000-7fdf1c04e000 r--s 0001a000 08:09 1837613                    /home/marmik2621/.m2/repository/org/scala-tools/maven-scala-plugin/2.15.2/maven-scala-plugin-2.15.2.jar
7fdf1c04e000-7fdf1c051000 ---p 00000000 00:00 0 
7fdf1c051000-7fdf1c14f000 rw-p 00000000 00:00 0                          [stack:25778]
7fdf1c14f000-7fdf1c151000 r--s 00002000 08:09 5144314                    /home/marmik2621/.m2/repository/org/codehaus/plexus/plexus-compiler-javac/1.8.1/plexus-compiler-javac-1.8.1.jar
7fdf1c151000-7fdf1c154000 ---p 00000000 00:00 0 
7fdf1c154000-7fdf1c252000 rw-p 00000000 00:00 0                          [stack:25775]
7fdf1c252000-7fdf1c268000 r-xp 00000000 08:09 3543491                    /lib/x86_64-linux-gnu/libgcc_s.so.1
7fdf1c268000-7fdf1c467000 ---p 00016000 08:09 3543491                    /lib/x86_64-linux-gnu/libgcc_s.so.1
7fdf1c467000-7fdf1c468000 r--p 00015000 08:09 3543491                    /lib/x86_64-linux-gnu/libgcc_s.so.1
7fdf1c468000-7fdf1c469000 rw-p 00016000 08:09 3543491                    /lib/x86_64-linux-gnu/libgcc_s.so.1
7fdf1c469000-7fdf1c46b000 r--s 00000000 08:09 5144313                    /home/marmik2621/.m2/repository/org/codehaus/plexus/plexus-compiler-manager/1.8.1/plexus-compiler-manager-1.8.1.jar
7fdf1c46b000-7fdf1c46c000 r--s 00004000 08:09 5144312                    /home/marmik2621/.m2/repository/org/codehaus/plexus/plexus-compiler-api/1.8.1/plexus-compiler-api-1.8.1.jar
7fdf1c46c000-7fdf1c46e000 r--s 00006000 08:09 5021634                    /home/marmik2621/.m2/repository/org/apache/maven/plugins/maven-compiler-plugin/2.3.2/maven-compiler-plugin-2.3.2.jar
7fdf1c46e000-7fdf1c470000 r--s 0000d000 08:09 5144389                    /home/marmik2621/.m2/repository/org/codehaus/plexus/plexus-interpolation/1.13/plexus-interpolation-1.13.jar
7fdf1c470000-7fdf1c471000 r--s 00001000 08:09 3695863                    /home/marmik2621/.m2/repository/org/sonatype/plexus/plexus-build-api/0.0.4/plexus-build-api-0.0.4.jar
7fdf1c471000-7fdf1c473000 r--s 00009000 08:09 5144388                    /home/marmik2621/.m2/repository/org/apache/maven/shared/maven-filtering/1.0/maven-filtering-1.0.jar
7fdf1c473000-7fdf1c477000 r--s 00033000 08:09 5144315                    /home/marmik2621/.m2/repository/org/codehaus/plexus/plexus-utils/2.0.5/plexus-utils-2.0.5.jar
7fdf1c477000-7fdf1c47a000 r--s 0001b000 08:09 4886671                    /home/marmik2621/.m2/repository/junit/junit/3.8.1/junit-3.8.1.jar
7fdf1c47a000-7fdf1c47c000 r--s 00002000 08:09 5144383                    /home/marmik2621/.m2/repository/org/codehaus/plexus/plexus-interactivity-api/1.0-alpha-4/plexus-interactivity-api-1.0-alpha-4.jar
7fdf1c47c000-7fdf1c47e000 r--s 00006000 08:09 3952488                    /home/marmik2621/.m2/repository/commons-cli/commons-cli/1.0/commons-cli-1.0.jar
7fdf1c47e000-7fdf1c47f000 r--s 00001000 08:09 5144382                    /home/marmik2621/.m2/repository/org/apache/maven/doxia/doxia-sink-api/1.0-alpha-7/doxia-sink-api-1.0-alpha-7.jar
7fdf1c47f000-7fdf1c480000 r--s 00002000 08:09 5144384                    /home/marmik2621/.m2/repository/org/apache/maven/reporting/maven-reporting-api/2.0.6/maven-reporting-api-2.0.6.jar
7fdf1c480000-7fdf1c482000 r--s 00005000 08:09 5144336                    /home/marmik2621/.m2/repository/org/apache/maven/plugins/maven-resources-plugin/2.5/maven-resources-plugin-2.5.jar
7fdf1c482000-7fdf1c4b4000 r-xp 00000000 08:09 3801196                    /usr/lib/jvm/java-8-oracle/jre/lib/amd64/libsunec.so
7fdf1c4b4000-7fdf1c6b3000 ---p 00032000 08:09 3801196                    /usr/lib/jvm/java-8-oracle/jre/lib/amd64/libsunec.so
7fdf1c6b3000-7fdf1c6b9000 rw-p 00031000 08:09 3801196                    /usr/lib/jvm/java-8-oracle/jre/lib/amd64/libsunec.so
7fdf1c6b9000-7fdf1c8c9000 rw-p 00000000 00:00 0 
7fdf1c8c9000-7fdf1c8ca000 r--s 00009000 08:09 3810744                    /usr/lib/jvm/java-8-oracle/jre/lib/ext/sunec.jar
7fdf1c8ca000-7fdf1c8ce000 r--s 0003a000 08:09 3810752                    /usr/lib/jvm/java-8-oracle/jre/lib/ext/sunpkcs11.jar
7fdf1c8ce000-7fdf1c8d1000 r--s 0001a000 08:09 3676206                    /usr/lib/jvm/java-8-oracle/jre/lib/jce.jar
7fdf1c8d1000-7fdf1c8d4000 ---p 00000000 00:00 0 
7fdf1c8d4000-7fdf1c90a000 rw-p 00000000 00:00 0                          [stack:25652]
7fdf1c90a000-7fdf1c90b000 r--p 00000000 00:00 0 
7fdf1c90b000-7fdf1cb0b000 rw-p 00000000 00:00 0 
7fdf1cb0b000-7fdf1cb0f000 r--s 00097000 08:09 3676216                    /usr/lib/jvm/java-8-oracle/jre/lib/jsse.jar
7fdf1cb0f000-7fdf1cd0f000 rw-p 00000000 00:00 0 
7fdf1cd0f000-7fdf1cd11000 r--s 00006000 08:09 4480010                    /home/marmik2621/Downloads/idea-IC-162.2228.15/plugins/maven/lib/maven3/lib/maven-repository-metadata-3.0.5.jar
7fdf1cd11000-7fdf1d012000 rw-p 00000000 00:00 0 
7fdf1d012000-7fdf1d028000 r-xp 00000000 08:09 3801689                    /usr/lib/jvm/java-8-oracle/jre/lib/amd64/libnet.so
7fdf1d028000-7fdf1d228000 ---p 00016000 08:09 3801689                    /usr/lib/jvm/java-8-oracle/jre/lib/amd64/libnet.so
7fdf1d228000-7fdf1d229000 rw-p 00016000 08:09 3801689                    /usr/lib/jvm/java-8-oracle/jre/lib/amd64/libnet.so
7fdf1d229000-7fdf1d22c000 ---p 00000000 00:00 0 
7fdf1d22c000-7fdf1d32a000 rw-p 00000000 00:00 0                          [stack:25606]
7fdf1d32a000-7fdf1d32b000 r-xp 00000000 08:09 2894376                    /home/marmik2621/Downloads/idea-IC-162.2228.15/bin/libbreakgen64.so
7fdf1d32b000-7fdf1d52a000 ---p 00001000 08:09 2894376                    /home/marmik2621/Downloads/idea-IC-162.2228.15/bin/libbreakgen64.so
7fdf1d52a000-7fdf1d52b000 r--p 00000000 08:09 2894376                    /home/marmik2621/Downloads/idea-IC-162.2228.15/bin/libbreakgen64.so
7fdf1d52b000-7fdf1d52c000 rw-p 00001000 08:09 2894376                    /home/marmik2621/Downloads/idea-IC-162.2228.15/bin/libbreakgen64.so
7fdf1d52c000-7fdf1d52d000 ---p 00000000 00:00 0 
7fdf1d52d000-7fdf1d62d000 rw-p 00000000 00:00 0                          [stack:25603]
7fdf1d62d000-7fdf1d630000 ---p 00000000 00:00 0 
7fdf1d630000-7fdf1d72e000 rw-p 00000000 00:00 0                          [stack:25602]
7fdf1d72e000-7fdf1d731000 ---p 00000000 00:00 0 
7fdf1d731000-7fdf1d82f000 rw-p 00000000 00:00 0                          [stack:25601]
7fdf1d82f000-7fdf1d832000 ---p 00000000 00:00 0 
7fdf1d832000-7fdf1d930000 rw-p 00000000 00:00 0                          [stack:25600]
7fdf1d930000-7fdf1d933000 ---p 00000000 00:00 0 
7fdf1d933000-7fdf1da31000 rw-p 00000000 00:00 0                          [stack:25599]
7fdf1da31000-7fdf1da34000 ---p 00000000 00:00 0 
7fdf1da34000-7fdf1db32000 rw-p 00000000 00:00 0                          [stack:25598]
7fdf1db32000-7fdf1e214000 r--p 00000000 08:09 3415813                    /usr/lib/locale/locale-archive
7fdf1e214000-7fdf1e217000 ---p 00000000 00:00 0 
7fdf1e217000-7fdf1e315000 rw-p 00000000 00:00 0                          [stack:25597]
7fdf1e315000-7fdf1e318000 ---p 00000000 00:00 0 
7fdf1e318000-7fdf1e416000 rw-p 00000000 00:00 0                          [stack:25596]
7fdf1e416000-7fdf1e417000 ---p 00000000 00:00 0 
7fdf1e417000-7fdf20000000 rw-p 00000000 00:00 0                          [stack:25595]
7fdf20000000-7fdf20021000 rw-p 00000000 00:00 0 
7fdf20021000-7fdf24000000 ---p 00000000 00:00 0 
7fdf24000000-7fdf24002000 r--s 00006000 08:09 4479993                    /home/marmik2621/Downloads/idea-IC-162.2228.15/plugins/maven/lib/maven3/lib/aether-connector-wagon-1.13.1.jar
7fdf24002000-7fdf24003000 r--s 00006000 08:09 4480016                    /home/marmik2621/Downloads/idea-IC-162.2228.15/plugins/maven/lib/maven3/lib/plexus-sec-dispatcher-1.3.jar
7fdf24003000-7fdf24005000 r--s 0000b000 08:09 4480003                    /home/marmik2621/Downloads/idea-IC-162.2228.15/plugins/maven/lib/maven3/lib/maven-artifact-3.0.5.jar
7fdf24005000-7fdf24008000 r--s 00013000 08:09 4479992                    /home/marmik2621/Downloads/idea-IC-162.2228.15/plugins/maven/lib/maven3/lib/aether-api-1.13.1.jar
7fdf24008000-7fdf2400a000 r--s 0000d000 08:09 4480015                    /home/marmik2621/Downloads/idea-IC-162.2228.15/plugins/maven/lib/maven3/lib/plexus-interpolation-1.14.jar
7fdf2400a000-7fdf2400c000 r--s 00002000 08:09 4480013                    /home/marmik2621/Downloads/idea-IC-162.2228.15/plugins/maven/lib/maven3/lib/plexus-cipher-1.7.jar
7fdf2400c000-7fdf2400e000 r--s 0000b000 08:09 4480025                    /home/marmik2621/Downloads/idea-IC-162.2228.15/plugins/maven/lib/maven3/lib/wagon-provider-api-2.8.jar
7fdf2400e000-7fdf24014000 r--s 0002c000 08:09 4480021                    /home/marmik2621/Downloads/idea-IC-162.2228.15/plugins/maven/lib/maven3/lib/sisu-inject-plexus-2.3.0.jar
7fdf24014000-7fdf24020000 r--s 0007d000 08:09 4480005                    /home/marmik2621/Downloads/idea-IC-162.2228.15/plugins/maven/lib/maven3/lib/maven-core-3.0.5.jar
7fdf24020000-7fdf24024000 r--s 00033000 08:09 4480017                    /home/marmik2621/Downloads/idea-IC-162.2228.15/plugins/maven/lib/maven3/lib/plexus-utils-2.0.6.jar
7fdf24024000-7fdf24028000 r--s 00021000 08:09 4480008                    /home/marmik2621/Downloads/idea-IC-162.2228.15/plugins/maven/lib/maven3/lib/maven-model-builder-3.0.5.jar
7fdf24028000-7fdf2402c000 r--s 0001c000 08:09 4479996                    /home/marmik2621/Downloads/idea-IC-162.2228.15/plugins/maven/lib/maven3/lib/aether-util-1.13.1.jar
7fdf2402c000-7fdf24034000 r--s 00050000 08:09 4480019                    /home/marmik2621/Downloads/idea-IC-162.2228.15/plugins/maven/lib/maven3/lib/sisu-guice-3.1.0-no_aop.jar
7fdf24034000-7fdf24053000 r--s 00152000 08:09 4480018                    /home/marmik2621/Downloads/idea-IC-162.2228.15/plugins/maven/lib/maven3/lib/sisu-guava-0.9.9.jar
7fdf24053000-7fdf24081000 r--s 001fa000 08:09 4480023                    /home/marmik2621/Downloads/idea-IC-162.2228.15/plugins/maven/lib/maven3/lib/wagon-http-2.8-shaded.jar
7fdf24081000-7fdf24088000 r--s 00040000 08:09 4480020                    /home/marmik2621/Downloads/idea-IC-162.2228.15/plugins/maven/lib/maven3/lib/sisu-inject-bean-2.3.0.jar
7fdf24088000-7fdf24260000 r--s 03d1d000 08:09 3676213                    /usr/lib/jvm/java-8-oracle/jre/lib/rt.jar
7fdf24260000-7fdf28000000 rw-p 00000000 00:00 0 
7fdf28000000-7fdf28021000 rw-p 00000000 00:00 0 
7fdf28021000-7fdf2c000000 ---p 00000000 00:00 0 
7fdf2c000000-7fdf2c001000 r--s 00002000 08:09 4480022                    /home/marmik2621/Downloads/idea-IC-162.2228.15/plugins/maven/lib/maven3/lib/wagon-file-2.8.jar
7fdf2c001000-7fdf2c003000 r--s 0000b000 08:09 4480009                    /home/marmik2621/Downloads/idea-IC-162.2228.15/plugins/maven/lib/maven3/lib/maven-plugin-api-3.0.5.jar
7fdf2c003000-7fdf2c0b5000 rw-p 00000000 00:00 0 
7fdf2c0b5000-7fdf2c0b6000 ---p 00000000 00:00 0 
7fdf2c0b6000-7fdf2c1b6000 rw-p 00000000 00:00 0                          [stack:25594]
7fdf2c1b6000-7fdf2c1b7000 ---p 00000000 00:00 0 
7fdf2c1b7000-7fdf2c2b7000 rw-p 00000000 00:00 0                          [stack:25593]
7fdf2c2b7000-7fdf2c2b8000 ---p 00000000 00:00 0 
7fdf2c2b8000-7fdf2c3da000 rw-p 00000000 00:00 0                          [stack:25592]
7fdf2c3da000-7fdf2c64a000 ---p 00000000 00:00 0 
7fdf2c64a000-7fdf2c66c000 rw-p 00000000 00:00 0 
7fdf2c66c000-7fdf2c8db000 ---p 00000000 00:00 0 
7fdf2c8db000-7fdf2ca24000 rw-p 00000000 00:00 0 
7fdf2ca24000-7fdf2ca6a000 rw-p 00000000 00:00 0 
7fdf2ca6a000-7fdf2cde5000 ---p 00000000 00:00 0 
7fdf2cde5000-7fdf2df15000 rwxp 00000000 00:00 0 
7fdf2df15000-7fdf3bde5000 ---p 00000000 00:00 0 
7fdf3bde5000-7fdf3bdff000 r-xp 00000000 08:09 3801371                    /usr/lib/jvm/java-8-oracle/jre/lib/amd64/libzip.so
7fdf3bdff000-7fdf3bfff000 ---p 0001a000 08:09 3801371                    /usr/lib/jvm/java-8-oracle/jre/lib/amd64/libzip.so
7fdf3bfff000-7fdf3c000000 rw-p 0001a000 08:09 3801371                    /usr/lib/jvm/java-8-oracle/jre/lib/amd64/libzip.so
7fdf3c000000-7fdf3cdb9000 rw-p 00000000 00:00 0 
7fdf3cdb9000-7fdf40000000 ---p 00000000 00:00 0 
7fdf40000000-7fdf40001000 r--s 00003000 08:09 4479995                    /home/marmik2621/Downloads/idea-IC-162.2228.15/plugins/maven/lib/maven3/lib/aether-spi-1.13.1.jar
7fdf40001000-7fdf40003000 r--s 0000c000 08:09 4480002                    /home/marmik2621/Downloads/idea-IC-162.2228.15/plugins/maven/lib/maven3/lib/maven-aether-provider-3.0.5.jar
7fdf40003000-7fdf4009a000 rw-p 00000000 00:00 0 
7fdf4009a000-7fdf4009b000 ---p 00000000 00:00 0 
7fdf4009b000-7fdf4019b000 rw-p 00000000 00:00 0                          [stack:25591]
7fdf4019b000-7fdf401a7000 r-xp 00000000 08:09 3543547                    /lib/x86_64-linux-gnu/libnss_files-2.21.so
7fdf401a7000-7fdf403a6000 ---p 0000c000 08:09 3543547                    /lib/x86_64-linux-gnu/libnss_files-2.21.so
7fdf403a6000-7fdf403a7000 r--p 0000b000 08:09 3543547                    /lib/x86_64-linux-gnu/libnss_files-2.21.so
7fdf403a7000-7fdf403a8000 rw-p 0000c000 08:09 3543547                    /lib/x86_64-linux-gnu/libnss_files-2.21.so
7fdf403a8000-7fdf403b3000 r-xp 00000000 08:09 3543557                    /lib/x86_64-linux-gnu/libnss_nis-2.21.so
7fdf403b3000-7fdf405b2000 ---p 0000b000 08:09 3543557                    /lib/x86_64-linux-gnu/libnss_nis-2.21.so
7fdf405b2000-7fdf405b3000 r--p 0000a000 08:09 3543557                    /lib/x86_64-linux-gnu/libnss_nis-2.21.so
7fdf405b3000-7fdf405b4000 rw-p 0000b000 08:09 3543557                    /lib/x86_64-linux-gnu/libnss_nis-2.21.so
7fdf405b4000-7fdf405cb000 r-xp 00000000 08:09 3543541                    /lib/x86_64-linux-gnu/libnsl-2.21.so
7fdf405cb000-7fdf407ca000 ---p 00017000 08:09 3543541                    /lib/x86_64-linux-gnu/libnsl-2.21.so
7fdf407ca000-7fdf407cb000 r--p 00016000 08:09 3543541                    /lib/x86_64-linux-gnu/libnsl-2.21.so
7fdf407cb000-7fdf407cc000 rw-p 00017000 08:09 3543541                    /lib/x86_64-linux-gnu/libnsl-2.21.so
7fdf407cc000-7fdf407ce000 rw-p 00000000 00:00 0 
7fdf407ce000-7fdf407d6000 r-xp 00000000 08:09 3543543                    /lib/x86_64-linux-gnu/libnss_compat-2.21.so
7fdf407d6000-7fdf409d5000 ---p 00008000 08:09 3543543                    /lib/x86_64-linux-gnu/libnss_compat-2.21.so
7fdf409d5000-7fdf409d6000 r--p 00007000 08:09 3543543                    /lib/x86_64-linux-gnu/libnss_compat-2.21.so
7fdf409d6000-7fdf409d7000 rw-p 00008000 08:09 3543543                    /lib/x86_64-linux-gnu/libnss_compat-2.21.so
7fdf409d7000-7fdf40a01000 r-xp 00000000 08:09 3801182                    /usr/lib/jvm/java-8-oracle/jre/lib/amd64/libjava.so
7fdf40a01000-7fdf40c01000 ---p 0002a000 08:09 3801182                    /usr/lib/jvm/java-8-oracle/jre/lib/amd64/libjava.so
7fdf40c01000-7fdf40c03000 rw-p 0002a000 08:09 3801182                    /usr/lib/jvm/java-8-oracle/jre/lib/amd64/libjava.so
7fdf40c03000-7fdf40c10000 r-xp 00000000 08:09 3801328                    /usr/lib/jvm/java-8-oracle/jre/lib/amd64/libverify.so
7fdf40c10000-7fdf40e10000 ---p 0000d000 08:09 3801328                    /usr/lib/jvm/java-8-oracle/jre/lib/amd64/libverify.so
7fdf40e10000-7fdf40e12000 rw-p 0000d000 08:09 3801328                    /usr/lib/jvm/java-8-oracle/jre/lib/amd64/libverify.so
7fdf40e12000-7fdf40e19000 r-xp 00000000 08:09 3543602                    /lib/x86_64-linux-gnu/librt-2.21.so
7fdf40e19000-7fdf41018000 ---p 00007000 08:09 3543602                    /lib/x86_64-linux-gnu/librt-2.21.so
7fdf41018000-7fdf41019000 r--p 00006000 08:09 3543602                    /lib/x86_64-linux-gnu/librt-2.21.so
7fdf41019000-7fdf4101a000 rw-p 00007000 08:09 3543602                    /lib/x86_64-linux-gnu/librt-2.21.so
7fdf4101a000-7fdf41121000 r-xp 00000000 08:09 3543520                    /lib/x86_64-linux-gnu/libm-2.21.so
7fdf41121000-7fdf41320000 ---p 00107000 08:09 3543520                    /lib/x86_64-linux-gnu/libm-2.21.so
7fdf41320000-7fdf41321000 r--p 00106000 08:09 3543520                    /lib/x86_64-linux-gnu/libm-2.21.so
7fdf41321000-7fdf41322000 rw-p 00107000 08:09 3543520                    /lib/x86_64-linux-gnu/libm-2.21.so
7fdf41322000-7fdf41fe1000 r-xp 00000000 08:09 3810712                    /usr/lib/jvm/java-8-oracle/jre/lib/amd64/server/libjvm.so
7fdf41fe1000-7fdf421e0000 ---p 00cbf000 08:09 3810712                    /usr/lib/jvm/java-8-oracle/jre/lib/amd64/server/libjvm.so
7fdf421e0000-7fdf422b9000 rw-p 00cbe000 08:09 3810712                    /usr/lib/jvm/java-8-oracle/jre/lib/amd64/server/libjvm.so
7fdf422b9000-7fdf42302000 rw-p 00000000 00:00 0 
7fdf42302000-7fdf424c2000 r-xp 00000000 08:09 3543458                    /lib/x86_64-linux-gnu/libc-2.21.so
7fdf424c2000-7fdf426c2000 ---p 001c0000 08:09 3543458                    /lib/x86_64-linux-gnu/libc-2.21.so
7fdf426c2000-7fdf426c6000 r--p 001c0000 08:09 3543458                    /lib/x86_64-linux-gnu/libc-2.21.so
7fdf426c6000-7fdf426c8000 rw-p 001c4000 08:09 3543458                    /lib/x86_64-linux-gnu/libc-2.21.so
7fdf426c8000-7fdf426cc000 rw-p 00000000 00:00 0 
7fdf426cc000-7fdf426cf000 r-xp 00000000 08:09 3543477                    /lib/x86_64-linux-gnu/libdl-2.21.so
7fdf426cf000-7fdf428ce000 ---p 00003000 08:09 3543477                    /lib/x86_64-linux-gnu/libdl-2.21.so
7fdf428ce000-7fdf428cf000 r--p 00002000 08:09 3543477                    /lib/x86_64-linux-gnu/libdl-2.21.so
7fdf428cf000-7fdf428d0000 rw-p 00003000 08:09 3543477                    /lib/x86_64-linux-gnu/libdl-2.21.so
7fdf428d0000-7fdf428e5000 r-xp 00000000 08:09 3672605                    /usr/lib/jvm/java-8-oracle/lib/amd64/jli/libjli.so
7fdf428e5000-7fdf42ae5000 ---p 00015000 08:09 3672605                    /usr/lib/jvm/java-8-oracle/lib/amd64/jli/libjli.so
7fdf42ae5000-7fdf42ae6000 rw-p 00015000 08:09 3672605                    /usr/lib/jvm/java-8-oracle/lib/amd64/jli/libjli.so
7fdf42ae6000-7fdf42afe000 r-xp 00000000 08:09 3543594                    /lib/x86_64-linux-gnu/libpthread-2.21.so
7fdf42afe000-7fdf42cfe000 ---p 00018000 08:09 3543594                    /lib/x86_64-linux-gnu/libpthread-2.21.so
7fdf42cfe000-7fdf42cff000 r--p 00018000 08:09 3543594                    /lib/x86_64-linux-gnu/libpthread-2.21.so
7fdf42cff000-7fdf42d00000 rw-p 00019000 08:09 3543594                    /lib/x86_64-linux-gnu/libpthread-2.21.so
7fdf42d00000-7fdf42d04000 rw-p 00000000 00:00 0 
7fdf42d04000-7fdf42d28000 r-xp 00000000 08:09 3543430                    /lib/x86_64-linux-gnu/ld-2.21.so
7fdf42d28000-7fdf42d29000 r--s 00002000 08:09 4480024                    /home/marmik2621/Downloads/idea-IC-162.2228.15/plugins/maven/lib/maven3/lib/wagon-http-shared-2.8.jar
7fdf42d29000-7fdf42d2b000 r--s 00009000 08:09 4479997                    /home/marmik2621/Downloads/idea-IC-162.2228.15/plugins/maven/lib/maven3/lib/commons-cli-1.2.jar
7fdf42d2b000-7fdf42d2d000 r--s 00000000 08:09 4480014                    /home/marmik2621/Downloads/idea-IC-162.2228.15/plugins/maven/lib/maven3/lib/plexus-component-annotations-1.5.5.jar
7fdf42d2d000-7fdf42d2f000 r--s 0000a000 08:09 4480011                    /home/marmik2621/Downloads/idea-IC-162.2228.15/plugins/maven/lib/maven3/lib/maven-settings-3.0.5.jar
7fdf42d2f000-7fdf42d30000 r--s 0000a000 08:09 4480006                    /home/marmik2621/Downloads/idea-IC-162.2228.15/plugins/maven/lib/maven3/lib/maven-embedder-3.0.5.jar
7fdf42d30000-7fdf42d36000 r--s 0003f000 08:09 4480004                    /home/marmik2621/Downloads/idea-IC-162.2228.15/plugins/maven/lib/maven3/lib/maven-compat-3.0.5.jar
7fdf42d36000-7fdf42d39000 r--s 00008000 08:09 4480012                    /home/marmik2621/Downloads/idea-IC-162.2228.15/plugins/maven/lib/maven3/lib/maven-settings-builder-3.0.5.jar
7fdf42d39000-7fdf42d3c000 r--s 0001d000 08:09 4479994                    /home/marmik2621/Downloads/idea-IC-162.2228.15/plugins/maven/lib/maven3/lib/aether-impl-1.13.1.jar
7fdf42d3c000-7fdf42e07000 rw-p 00000000 00:00 0 
7fdf42e07000-7fdf42e0a000 ---p 00000000 00:00 0 
7fdf42e0a000-7fdf42f0c000 rw-p 00000000 00:00 0                          [stack:25590]
7fdf42f0c000-7fdf42f0e000 r--s 00026000 08:09 4480007                    /home/marmik2621/Downloads/idea-IC-162.2228.15/plugins/maven/lib/maven3/lib/maven-model-3.0.5.jar
7fdf42f0e000-7fdf42f12000 r--s 00027000 08:09 4479998                    /home/marmik2621/Downloads/idea-IC-162.2228.15/plugins/maven/lib/maven3/lib/commons-io-2.2.jar
7fdf42f12000-7fdf42f17000 r--s 00041000 08:09 4479999                    /home/marmik2621/Downloads/idea-IC-162.2228.15/plugins/maven/lib/maven3/lib/commons-lang-2.6.jar
7fdf42f17000-7fdf42f19000 r--s 0001e000 08:09 2883637                    /home/marmik2621/Downloads/idea-IC-162.2228.15/lib/idea_rt.jar
7fdf42f19000-7fdf42f1b000 r--s 0000a000 08:09 4479988                    /home/marmik2621/Downloads/idea-IC-162.2228.15/plugins/maven/lib/maven3/boot/plexus-classworlds-2.4.jar
7fdf42f1b000-7fdf42f23000 rw-s 00000000 08:09 2622826                    /tmp/hsperfdata_marmik2621/25587
7fdf42f23000-7fdf42f24000 rw-p 00000000 00:00 0 
7fdf42f24000-7fdf42f25000 ---p 00000000 00:00 0 
7fdf42f25000-7fdf42f27000 rw-p 00000000 00:00 0 
7fdf42f27000-7fdf42f28000 r--p 00023000 08:09 3543430                    /lib/x86_64-linux-gnu/ld-2.21.so
7fdf42f28000-7fdf42f29000 rw-p 00024000 08:09 3543430                    /lib/x86_64-linux-gnu/ld-2.21.so
7fdf42f29000-7fdf42f2a000 rw-p 00000000 00:00 0 
7ffe94d66000-7ffe94d87000 rw-p 00000000 00:00 0                          [stack]
7ffe94ddd000-7ffe94ddf000 r--p 00000000 00:00 0                          [vvar]
7ffe94ddf000-7ffe94de1000 r-xp 00000000 00:00 0                          [vdso]
ffffffffff600000-ffffffffff601000 r-xp 00000000 00:00 0                  [vsyscall]

VM Arguments:
jvm_args: -Dmaven.home=/home/marmik2621/Downloads/idea-IC-162.2228.15/plugins/maven/lib/maven3 -Dclassworlds.conf=/home/marmik2621/Downloads/idea-IC-162.2228.15/plugins/maven/lib/maven3/bin/m2.conf -Didea.launcher.port=7532 -Didea.launcher.bin.path=/home/marmik2621/Downloads/idea-IC-162.2228.15/bin -Dfile.encoding=UTF-8 
java_command: com.intellij.rt.execution.application.AppMain org.codehaus.classworlds.Launcher -Didea.version=2016.2.5 package
java_class_path (initial): /home/marmik2621/Downloads/idea-IC-162.2228.15/plugins/maven/lib/maven3/boot/plexus-classworlds-2.4.jar:/home/marmik2621/Downloads/idea-IC-162.2228.15/lib/idea_rt.jar
Launcher Type: SUN_STANDARD

Environment Variables:
JAVA_HOME=/usr/lib/jvm/java-8-oracle
PATH=/usr/local/sbin:/usr/local/bin:/usr/sbin:/usr/bin:/sbin:/bin:/usr/games:/usr/local/games:/usr/lib/jvm/java-8-oracle/bin:/usr/lib/jvm/java-8-oracle/db/bin:/usr/lib/jvm/java-8-oracle/jre/bin
LD_LIBRARY_PATH=/home/marmik2621/Downloads/idea-IC-162.2228.15/bin:
SHELL=/bin/bash
DISPLAY=:0

Signal Handlers:
SIGSEGV: [libjvm.so+0xabb070], sa_mask[0]=11111111011111111101111111111110, sa_flags=SA_RESTART|SA_SIGINFO
SIGBUS: [libjvm.so+0xabb070], sa_mask[0]=11111111011111111101111111111110, sa_flags=SA_RESTART|SA_SIGINFO
SIGFPE: [libjvm.so+0x918480], sa_mask[0]=11111111011111111101111111111110, sa_flags=SA_RESTART|SA_SIGINFO
SIGPIPE: [libjvm.so+0x918480], sa_mask[0]=11111111011111111101111111111110, sa_flags=SA_RESTART|SA_SIGINFO
SIGXFSZ: [libjvm.so+0x918480], sa_mask[0]=11111111011111111101111111111110, sa_flags=SA_RESTART|SA_SIGINFO
SIGILL: [libjvm.so+0x918480], sa_mask[0]=11111111011111111101111111111110, sa_flags=SA_RESTART|SA_SIGINFO
SIGUSR1: SIG_DFL, sa_mask[0]=00000000000000000000000000000000, sa_flags=none
SIGUSR2: [libjvm.so+0x919ab0], sa_mask[0]=00100000000000000000000000000000, sa_flags=SA_RESTART|SA_SIGINFO
SIGHUP: [libjvm.so+0x91aeb0], sa_mask[0]=11111111011111111101111111111110, sa_flags=SA_RESTART|SA_SIGINFO
SIGINT: [libjvm.so+0x91aeb0], sa_mask[0]=11111111011111111101111111111110, sa_flags=SA_RESTART|SA_SIGINFO
SIGTERM: [libjvm.so+0x91aeb0], sa_mask[0]=11111111011111111101111111111110, sa_flags=SA_RESTART|SA_SIGINFO
SIGQUIT: [libjvm.so+0x91aeb0], sa_mask[0]=11111111011111111101111111111110, sa_flags=SA_RESTART|SA_SIGINFO


---------------  S Y S T E M  ---------------

OS:DISTRIB_ID=Ubuntu
DISTRIB_RELEASE=15.10
DISTRIB_CODENAME=wily
DISTRIB_DESCRIPTION="Ubuntu 15.10"

uname:Linux 4.2.0-27-generic #32-Ubuntu SMP Fri Jan 22 04:49:08 UTC 2016 x86_64
libc:glibc 2.21 NPTL 2.21 
rlimit: STACK 8192k, CORE 0k, NPROC 31385, NOFILE 65536, AS infinity
load average:18.74 8.11 4.57

/proc/meminfo:
MemTotal:        8069392 kB
MemFree:           57948 kB
MemAvailable:      89420 kB
Buffers:            1096 kB
Cached:           620052 kB
SwapCached:            0 kB
Active:          7182304 kB
Inactive:         549860 kB
Active(anon):    7164628 kB
Inactive(anon):   533812 kB
Active(file):      17676 kB
Inactive(file):    16048 kB
Unevictable:         200 kB
Mlocked:             200 kB
SwapTotal:             0 kB
SwapFree:              0 kB
Dirty:               336 kB
Writeback:             0 kB
AnonPages:       7111648 kB
Mapped:           300152 kB
Shmem:            586992 kB
Slab:              90644 kB
SReclaimable:      40036 kB
SUnreclaim:        50608 kB
KernelStack:       19072 kB
PageTables:        75096 kB
NFS_Unstable:          0 kB
Bounce:                0 kB
WritebackTmp:          0 kB
CommitLimit:     4034696 kB
Committed_AS:   17293264 kB
VmallocTotal:   34359738367 kB
VmallocUsed:      569260 kB
VmallocChunk:   34358423548 kB
HardwareCorrupted:     0 kB
AnonHugePages:   2951168 kB
CmaTotal:              0 kB
CmaFree:               0 kB
HugePages_Total:       0
HugePages_Free:        0
HugePages_Rsvd:        0
HugePages_Surp:        0
Hugepagesize:       2048 kB
DirectMap4k:      232192 kB
DirectMap2M:     7002112 kB
DirectMap1G:     2097152 kB


CPU:total 4 (2 cores per cpu, 2 threads per core) family 6 model 69 stepping 1, cmov, cx8, fxsr, mmx, sse, sse2, sse3, ssse3, sse4.1, sse4.2, popcnt, avx, avx2, aes, clmul, erms, lzcnt, ht, tsc, tscinvbit, bmi1, bmi2

/proc/cpuinfo:
processor	: 0
vendor_id	: GenuineIntel
cpu family	: 6
model		: 69
model name	: Intel(R) Core(TM) i3-4030U CPU @ 1.90GHz
stepping	: 1
microcode	: 0x1c
cpu MHz		: 899.976
cache size	: 3072 KB
physical id	: 0
siblings	: 4
core id		: 0
cpu cores	: 2
apicid		: 0
initial apicid	: 0
fpu		: yes
fpu_exception	: yes
cpuid level	: 13
wp		: yes
flags		: fpu vme de pse tsc msr pae mce cx8 apic sep mtrr pge mca cmov pat pse36 clflush dts acpi mmx fxsr sse sse2 ss ht tm pbe syscall nx pdpe1gb rdtscp lm constant_tsc arch_perfmon pebs bts rep_good nopl xtopology nonstop_tsc aperfmperf eagerfpu pni pclmulqdq dtes64 monitor ds_cpl vmx est tm2 ssse3 fma cx16 xtpr pdcm pcid sse4_1 sse4_2 x2apic movbe popcnt tsc_deadline_timer aes xsave avx f16c rdrand lahf_lm abm arat epb pln pts dtherm tpr_shadow vnmi flexpriority ept vpid fsgsbase tsc_adjust bmi1 avx2 smep bmi2 erms invpcid xsaveopt
bugs		:
bogomips	: 3791.16
clflush size	: 64
cache_alignment	: 64
address sizes	: 39 bits physical, 48 bits virtual
power management:

processor	: 1
vendor_id	: GenuineIntel
cpu family	: 6
model		: 69
model name	: Intel(R) Core(TM) i3-4030U CPU @ 1.90GHz
stepping	: 1
microcode	: 0x1c
cpu MHz		: 1279.085
cache size	: 3072 KB
physical id	: 0
siblings	: 4
core id		: 0
cpu cores	: 2
apicid		: 1
initial apicid	: 1
fpu		: yes
fpu_exception	: yes
cpuid level	: 13
wp		: yes
flags		: fpu vme de pse tsc msr pae mce cx8 apic sep mtrr pge mca cmov pat pse36 clflush dts acpi mmx fxsr sse sse2 ss ht tm pbe syscall nx pdpe1gb rdtscp lm constant_tsc arch_perfmon pebs bts rep_good nopl xtopology nonstop_tsc aperfmperf eagerfpu pni pclmulqdq dtes64 monitor ds_cpl vmx est tm2 ssse3 fma cx16 xtpr pdcm pcid sse4_1 sse4_2 x2apic movbe popcnt tsc_deadline_timer aes xsave avx f16c rdrand lahf_lm abm arat epb pln pts dtherm tpr_shadow vnmi flexpriority ept vpid fsgsbase tsc_adjust bmi1 avx2 smep bmi2 erms invpcid xsaveopt
bugs		:
bogomips	: 3791.16
clflush size	: 64
cache_alignment	: 64
address sizes	: 39 bits physical, 48 bits virtual
power management:

processor	: 2
vendor_id	: GenuineIntel
cpu family	: 6
model		: 69
model name	: Intel(R) Core(TM) i3-4030U CPU @ 1.90GHz
stepping	: 1
microcode	: 0x1c
cpu MHz		: 1287.546
cache size	: 3072 KB
physical id	: 0
siblings	: 4
core id		: 1
cpu cores	: 2
apicid		: 2
initial apicid	: 2
fpu		: yes
fpu_exception	: yes
cpuid level	: 13
wp		: yes
flags		: fpu vme de pse tsc msr pae mce cx8 apic sep mtrr pge mca cmov pat pse36 clflush dts acpi mmx fxsr sse sse2 ss ht tm pbe syscall nx pdpe1gb rdtscp lm constant_tsc arch_perfmon pebs bts rep_good nopl xtopology nonstop_tsc aperfmperf eagerfpu pni pclmulqdq dtes64 monitor ds_cpl vmx est tm2 ssse3 fma cx16 xtpr pdcm pcid sse4_1 sse4_2 x2apic movbe popcnt tsc_deadline_timer aes xsave avx f16c rdrand lahf_lm abm arat epb pln pts dtherm tpr_shadow vnmi flexpriority ept vpid fsgsbase tsc_adjust bmi1 avx2 smep bmi2 erms invpcid xsaveopt
bugs		:
bogomips	: 3791.16
clflush size	: 64
cache_alignment	: 64
address sizes	: 39 bits physical, 48 bits virtual
power management:

processor	: 3
vendor_id	: GenuineIntel
cpu family	: 6
model		: 69
model name	: Intel(R) Core(TM) i3-4030U CPU @ 1.90GHz
stepping	: 1
microcode	: 0x1c
cpu MHz		: 1196.480
cache size	: 3072 KB
physical id	: 0
siblings	: 4
core id		: 1
cpu cores	: 2
apicid		: 3
initial apicid	: 3
fpu		: yes
fpu_exception	: yes
cpuid level	: 13
wp		: yes
flags		: fpu vme de pse tsc msr pae mce cx8 apic sep mtrr pge mca cmov pat pse36 clflush dts acpi mmx fxsr sse sse2 ss ht tm pbe syscall nx pdpe1gb rdtscp lm constant_tsc arch_perfmon pebs bts rep_good nopl xtopology nonstop_tsc aperfmperf eagerfpu pni pclmulqdq dtes64 monitor ds_cpl vmx est tm2 ssse3 fma cx16 xtpr pdcm pcid sse4_1 sse4_2 x2apic movbe popcnt tsc_deadline_timer aes xsave avx f16c rdrand lahf_lm abm arat epb pln pts dtherm tpr_shadow vnmi flexpriority ept vpid fsgsbase tsc_adjust bmi1 avx2 smep bmi2 erms invpcid xsaveopt
bugs		:
bogomips	: 3791.16
clflush size	: 64
cache_alignment	: 64
address sizes	: 39 bits physical, 48 bits virtual
power management:



Memory: 4k page, physical 8069392k(57948k free), swap 0k(0k free)

vm_info: Java HotSpot(TM) 64-Bit Server VM (25.72-b15) for linux-amd64 JRE (1.8.0_72-b15), built on Dec 22 2015 22:00:07 by "java_re" with gcc 4.3.0 20080428 (Red Hat 4.3.0-8)

time: Sat Oct 29 16:29:16 2016
elapsed time: 113 seconds (0d 0h 1m 53s)

